================================================================================
GENERATING SIMULATION DATA FOR 20 SCENARIOS
================================================================================

SCENARIO_1 Scenario:
  Obstacle coverage: 17.5%
  Number of time steps: 1250

SCENARIO_2 Scenario:
  Obstacle coverage: 17.4%
  Number of time steps: 1250

SCENARIO_3 Scenario:
  Obstacle coverage: 13.4%
  Number of time steps: 1250

SCENARIO_4 Scenario:
  Obstacle coverage: 16.6%
  Number of time steps: 1250

SCENARIO_5 Scenario:
  Obstacle coverage: 14.6%
  Number of time steps: 1250

SCENARIO_6 Scenario:
  Obstacle coverage: 11.8%
  Number of time steps: 1250

SCENARIO_7 Scenario:
  Obstacle coverage: 14.9%
  Number of time steps: 1250

SCENARIO_8 Scenario:
  Obstacle coverage: 9.9%
  Number of time steps: 1250

SCENARIO_9 Scenario:
  Obstacle coverage: 11.8%
  Number of time steps: 1250

SCENARIO_10 Scenario:
  Obstacle coverage: 15.4%
  Number of time steps: 1250

SCENARIO_11 Scenario:
  Obstacle coverage: 14.6%
  Number of time steps: 1250

SCENARIO_12 Scenario:
  Obstacle coverage: 13.3%
  Number of time steps: 1250

SCENARIO_13 Scenario:
  Obstacle coverage: 16.2%
  Number of time steps: 1250

SCENARIO_14 Scenario:
  Obstacle coverage: 16.6%
  Number of time steps: 1250

SCENARIO_15 Scenario:
  Obstacle coverage: 15.8%
  Number of time steps: 1250

SCENARIO_16 Scenario:
  Obstacle coverage: 17.6%
  Number of time steps: 1250

SCENARIO_17 Scenario:
  Obstacle coverage: 18.3%
  Number of time steps: 1250

SCENARIO_18 Scenario:
  Obstacle coverage: 21.0%
  Number of time steps: 1250

SCENARIO_19 Scenario:
  Obstacle coverage: 21.5%
  Number of time steps: 1250

SCENARIO_20 Scenario:
  Obstacle coverage: 12.2%
  Number of time steps: 1250
  Saved plot: plots/R3.0_L25_u0.03_v0.01/SCENARIO_1.png
  Saved plot: plots/R3.0_L25_u0.03_v0.01/SCENARIO_2.png
  Saved plot: plots/R3.0_L25_u0.03_v0.01/SCENARIO_3.png
  Saved plot: plots/R3.0_L25_u0.03_v0.01/SCENARIO_4.png
  Saved plot: plots/R3.0_L25_u0.03_v0.01/SCENARIO_5.png
  Saved plot: plots/R3.0_L25_u0.03_v0.01/SCENARIO_6.png
  Saved plot: plots/R3.0_L25_u0.03_v0.01/SCENARIO_7.png
  Saved plot: plots/R3.0_L25_u0.03_v0.01/SCENARIO_8.png
  Saved plot: plots/R3.0_L25_u0.03_v0.01/SCENARIO_9.png
  Saved plot: plots/R3.0_L25_u0.03_v0.01/SCENARIO_10.png
  Saved plot: plots/R3.0_L25_u0.03_v0.01/SCENARIO_11.png
  Saved plot: plots/R3.0_L25_u0.03_v0.01/SCENARIO_12.png
  Saved plot: plots/R3.0_L25_u0.03_v0.01/SCENARIO_13.png
  Saved plot: plots/R3.0_L25_u0.03_v0.01/SCENARIO_14.png
  Saved plot: plots/R3.0_L25_u0.03_v0.01/SCENARIO_15.png
  Saved plot: plots/R3.0_L25_u0.03_v0.01/SCENARIO_16.png
  Saved plot: plots/R3.0_L25_u0.03_v0.01/SCENARIO_17.png
  Saved plot: plots/R3.0_L25_u0.03_v0.01/SCENARIO_18.png
  Saved plot: plots/R3.0_L25_u0.03_v0.01/SCENARIO_19.png
  Saved plot: plots/R3.0_L25_u0.03_v0.01/SCENARIO_20.png

================================================================================
Using SCENARIO_1 for filter setup (all scenarios run in main loop)
================================================================================

Number of time steps: 1250
State dimensions: (1250, 5)
Measurement dimensions: (1250, 2)
KDE ceiling: 79 samples
KDE floor: 140 samples
Helper classes defined
Group [1] EKF created for drone states (Rao-Blackwellized)

================================================================================
TESTING SCENARIO: SCENARIO_1
================================================================================
  SCENARIO_1/F2/Likelihood-Based: Overall RMSE = 0.1323 m
  SCENARIO_1/F2/Free Energy (Aggressive): Overall RMSE = 0.1349 m
  SCENARIO_1/F3/Likelihood-Based: Overall RMSE = 0.1328 m
  SCENARIO_1/F3/Free Energy (Aggressive): Overall RMSE = 0.1326 m
  SCENARIO_1/F4/Likelihood-Based: Overall RMSE = 0.1336 m
  SCENARIO_1/F4/Free Energy (Aggressive): Overall RMSE = 0.1329 m

================================================================================
TESTING SCENARIO: SCENARIO_2
================================================================================
  SCENARIO_2/F2/Likelihood-Based: Overall RMSE = 0.1863 m
  SCENARIO_2/F2/Free Energy (Aggressive): Overall RMSE = 0.1622 m
  SCENARIO_2/F3/Likelihood-Based: Overall RMSE = 0.1680 m
  SCENARIO_2/F3/Free Energy (Aggressive): Overall RMSE = 0.1671 m
  SCENARIO_2/F4/Likelihood-Based: Overall RMSE = 0.1698 m
  SCENARIO_2/F4/Free Energy (Aggressive): Overall RMSE = 0.1670 m

================================================================================
TESTING SCENARIO: SCENARIO_3
================================================================================
  SCENARIO_3/F2/Likelihood-Based: Overall RMSE = 0.1442 m
  SCENARIO_3/F2/Free Energy (Aggressive): Overall RMSE = 0.1418 m
  SCENARIO_3/F3/Likelihood-Based: Overall RMSE = 0.1390 m
  SCENARIO_3/F3/Free Energy (Aggressive): Overall RMSE = 0.1401 m
  SCENARIO_3/F4/Likelihood-Based: Overall RMSE = 0.1410 m
  SCENARIO_3/F4/Free Energy (Aggressive): Overall RMSE = 0.1411 m

================================================================================
TESTING SCENARIO: SCENARIO_4
================================================================================
  SCENARIO_4/F2/Likelihood-Based: Overall RMSE = 0.0289 m
  SCENARIO_4/F2/Free Energy (Aggressive): Overall RMSE = 0.0271 m
  SCENARIO_4/F3/Likelihood-Based: Overall RMSE = 0.0300 m
  SCENARIO_4/F3/Free Energy (Aggressive): Overall RMSE = 0.0258 m
  SCENARIO_4/F4/Likelihood-Based: Overall RMSE = 0.0274 m
  SCENARIO_4/F4/Free Energy (Aggressive): Overall RMSE = 0.0254 m

================================================================================
TESTING SCENARIO: SCENARIO_5
================================================================================
  SCENARIO_5/F2/Likelihood-Based: Overall RMSE = 0.3284 m
  SCENARIO_5/F2/Free Energy (Aggressive): Overall RMSE = 0.2395 m
  SCENARIO_5/F3/Likelihood-Based: Overall RMSE = 0.2396 m
  SCENARIO_5/F3/Free Energy (Aggressive): Overall RMSE = 0.2393 m
  SCENARIO_5/F4/Likelihood-Based: Overall RMSE = 0.2421 m
  SCENARIO_5/F4/Free Energy (Aggressive): Overall RMSE = 0.2411 m

================================================================================
TESTING SCENARIO: SCENARIO_6
================================================================================
  SCENARIO_6/F2/Likelihood-Based: Overall RMSE = 0.0761 m
  SCENARIO_6/F2/Free Energy (Aggressive): Overall RMSE = 0.0753 m
  SCENARIO_6/F3/Likelihood-Based: Overall RMSE = 0.0782 m
  SCENARIO_6/F3/Free Energy (Aggressive): Overall RMSE = 0.0745 m
  SCENARIO_6/F4/Likelihood-Based: Overall RMSE = 0.0721 m
  SCENARIO_6/F4/Free Energy (Aggressive): Overall RMSE = 0.0682 m

================================================================================
TESTING SCENARIO: SCENARIO_7
================================================================================
  SCENARIO_7/F2/Likelihood-Based: Overall RMSE = 0.0453 m
  SCENARIO_7/F2/Free Energy (Aggressive): Overall RMSE = 0.0394 m
  SCENARIO_7/F3/Likelihood-Based: Overall RMSE = 0.0458 m
  SCENARIO_7/F3/Free Energy (Aggressive): Overall RMSE = 0.0389 m
  SCENARIO_7/F4/Likelihood-Based: Overall RMSE = 0.0379 m
  SCENARIO_7/F4/Free Energy (Aggressive): Overall RMSE = 0.0407 m

================================================================================
TESTING SCENARIO: SCENARIO_8
================================================================================
  SCENARIO_8/F2/Likelihood-Based: Overall RMSE = 0.2033 m
  SCENARIO_8/F2/Free Energy (Aggressive): Overall RMSE = 0.1727 m
  SCENARIO_8/F3/Likelihood-Based: Overall RMSE = 0.1762 m
  SCENARIO_8/F3/Free Energy (Aggressive): Overall RMSE = 0.1735 m
  SCENARIO_8/F4/Likelihood-Based: Overall RMSE = 0.1749 m
  SCENARIO_8/F4/Free Energy (Aggressive): Overall RMSE = 0.1714 m

================================================================================
TESTING SCENARIO: SCENARIO_9
================================================================================
  SCENARIO_9/F2/Likelihood-Based: Overall RMSE = 0.0877 m
  SCENARIO_9/F2/Free Energy (Aggressive): Overall RMSE = 0.0893 m
  SCENARIO_9/F3/Likelihood-Based: Overall RMSE = 0.0938 m
  SCENARIO_9/F3/Free Energy (Aggressive): Overall RMSE = 0.0906 m
  SCENARIO_9/F4/Likelihood-Based: Overall RMSE = 0.0886 m
  SCENARIO_9/F4/Free Energy (Aggressive): Overall RMSE = 0.0911 m

================================================================================
TESTING SCENARIO: SCENARIO_10
================================================================================
  SCENARIO_10/F2/Likelihood-Based: Overall RMSE = 0.1354 m
  SCENARIO_10/F2/Free Energy (Aggressive): Overall RMSE = 0.1363 m
  SCENARIO_10/F3/Likelihood-Based: Overall RMSE = 0.1374 m
  SCENARIO_10/F3/Free Energy (Aggressive): Overall RMSE = 0.1340 m
  SCENARIO_10/F4/Likelihood-Based: Overall RMSE = 0.1357 m
  SCENARIO_10/F4/Free Energy (Aggressive): Overall RMSE = 0.1374 m

================================================================================
TESTING SCENARIO: SCENARIO_11
================================================================================
  SCENARIO_11/F2/Likelihood-Based: Overall RMSE = 0.0768 m
  SCENARIO_11/F2/Free Energy (Aggressive): Overall RMSE = 0.0775 m
  SCENARIO_11/F3/Likelihood-Based: Overall RMSE = 0.0739 m
  SCENARIO_11/F3/Free Energy (Aggressive): Overall RMSE = 0.0719 m
  SCENARIO_11/F4/Likelihood-Based: Overall RMSE = 0.0725 m
  SCENARIO_11/F4/Free Energy (Aggressive): Overall RMSE = 0.0706 m

================================================================================
TESTING SCENARIO: SCENARIO_12
================================================================================
  SCENARIO_12/F2/Likelihood-Based: Overall RMSE = 0.0186 m
  SCENARIO_12/F2/Free Energy (Aggressive): Overall RMSE = 0.0186 m
  SCENARIO_12/F3/Likelihood-Based: Overall RMSE = 0.0231 m
  SCENARIO_12/F3/Free Energy (Aggressive): Overall RMSE = 0.0204 m
  SCENARIO_12/F4/Likelihood-Based: Overall RMSE = 0.0208 m
  SCENARIO_12/F4/Free Energy (Aggressive): Overall RMSE = 0.0209 m

================================================================================
TESTING SCENARIO: SCENARIO_13
================================================================================
  SCENARIO_13/F2/Likelihood-Based: Overall RMSE = 0.1849 m
  SCENARIO_13/F2/Free Energy (Aggressive): Overall RMSE = 0.1876 m
  SCENARIO_13/F3/Likelihood-Based: Overall RMSE = 0.1883 m
  SCENARIO_13/F3/Free Energy (Aggressive): Overall RMSE = 0.1827 m
  SCENARIO_13/F4/Likelihood-Based: Overall RMSE = 0.1857 m
  SCENARIO_13/F4/Free Energy (Aggressive): Overall RMSE = 0.1831 m

================================================================================
TESTING SCENARIO: SCENARIO_14
================================================================================
  SCENARIO_14/F2/Likelihood-Based: Overall RMSE = 0.0887 m
  SCENARIO_14/F2/Free Energy (Aggressive): Overall RMSE = 0.0866 m
  SCENARIO_14/F3/Likelihood-Based: Overall RMSE = 0.0867 m
  SCENARIO_14/F3/Free Energy (Aggressive): Overall RMSE = 0.0891 m
  SCENARIO_14/F4/Likelihood-Based: Overall RMSE = 0.0872 m
  SCENARIO_14/F4/Free Energy (Aggressive): Overall RMSE = 0.0882 m

================================================================================
TESTING SCENARIO: SCENARIO_15
================================================================================
  SCENARIO_15/F2/Likelihood-Based: Overall RMSE = 0.4841 m
  SCENARIO_15/F2/Free Energy (Aggressive): Overall RMSE = 0.3990 m
  SCENARIO_15/F3/Likelihood-Based: Overall RMSE = 0.4116 m
  SCENARIO_15/F3/Free Energy (Aggressive): Overall RMSE = 0.4006 m
  SCENARIO_15/F4/Likelihood-Based: Overall RMSE = 0.3968 m
  SCENARIO_15/F4/Free Energy (Aggressive): Overall RMSE = 0.3865 m

================================================================================
TESTING SCENARIO: SCENARIO_16
================================================================================
  SCENARIO_16/F2/Likelihood-Based: Overall RMSE = 0.1126 m
  SCENARIO_16/F2/Free Energy (Aggressive): Overall RMSE = 0.1157 m
  SCENARIO_16/F3/Likelihood-Based: Overall RMSE = 0.1139 m
  SCENARIO_16/F3/Free Energy (Aggressive): Overall RMSE = 0.1107 m
  SCENARIO_16/F4/Likelihood-Based: Overall RMSE = 0.1162 m
  SCENARIO_16/F4/Free Energy (Aggressive): Overall RMSE = 0.1100 m

================================================================================
TESTING SCENARIO: SCENARIO_17
================================================================================
  SCENARIO_17/F2/Likelihood-Based: Overall RMSE = 0.0372 m
  SCENARIO_17/F2/Free Energy (Aggressive): Overall RMSE = 0.0362 m
  SCENARIO_17/F3/Likelihood-Based: Overall RMSE = 0.0369 m
  SCENARIO_17/F3/Free Energy (Aggressive): Overall RMSE = 0.0368 m
  SCENARIO_17/F4/Likelihood-Based: Overall RMSE = 0.0384 m
  SCENARIO_17/F4/Free Energy (Aggressive): Overall RMSE = 0.0363 m

================================================================================
TESTING SCENARIO: SCENARIO_18
================================================================================
  SCENARIO_18/F2/Likelihood-Based: Overall RMSE = 0.0889 m
  SCENARIO_18/F2/Free Energy (Aggressive): Overall RMSE = 0.0858 m
  SCENARIO_18/F3/Likelihood-Based: Overall RMSE = 0.0875 m
  SCENARIO_18/F3/Free Energy (Aggressive): Overall RMSE = 0.0869 m
  SCENARIO_18/F4/Likelihood-Based: Overall RMSE = 0.0930 m
  SCENARIO_18/F4/Free Energy (Aggressive): Overall RMSE = 0.0874 m

================================================================================
TESTING SCENARIO: SCENARIO_19
================================================================================
  SCENARIO_19/F2/Likelihood-Based: Overall RMSE = 0.0655 m
  SCENARIO_19/F2/Free Energy (Aggressive): Overall RMSE = 0.0656 m
  SCENARIO_19/F3/Likelihood-Based: Overall RMSE = 0.0658 m
  SCENARIO_19/F3/Free Energy (Aggressive): Overall RMSE = 0.0656 m
  SCENARIO_19/F4/Likelihood-Based: Overall RMSE = 0.0735 m
  SCENARIO_19/F4/Free Energy (Aggressive): Overall RMSE = 0.0614 m

================================================================================
TESTING SCENARIO: SCENARIO_20
================================================================================
  SCENARIO_20/F2/Likelihood-Based: Overall RMSE = 0.2295 m
  SCENARIO_20/F2/Free Energy (Aggressive): Overall RMSE = 0.1819 m
  SCENARIO_20/F3/Likelihood-Based: Overall RMSE = 0.1888 m
  SCENARIO_20/F3/Free Energy (Aggressive): Overall RMSE = 0.1790 m
  SCENARIO_20/F4/Likelihood-Based: Overall RMSE = 0.1890 m
  SCENARIO_20/F4/Free Energy (Aggressive): Overall RMSE = 0.1789 m

================================================================================
COMPREHENSIVE COMPARISON ACROSS ALL SCENARIOS
================================================================================

********************************************************************************
SCENARIO: SCENARIO_1
********************************************************************************

F2:
  Likelihood-Based              : Overall=0.1323m  Drone=0.1622m  Ceil=0.0148m  Floor=0.1612m
  Free Energy (Aggressive)      : Overall=0.1349m  Drone=0.1656m  Ceil=0.0135m  Floor=0.1644m
  → Improvement: -1.96%

F3:
  Likelihood-Based              : Overall=0.1328m  Drone=0.1626m  Ceil=0.0192m  Floor=0.1615m
  Free Energy (Aggressive)      : Overall=0.1326m  Drone=0.1628m  Ceil=0.0141m  Floor=0.1613m
  → Improvement: +0.17%

F4:
  Likelihood-Based              : Overall=0.1336m  Drone=0.1622m  Ceil=0.0330m  Floor=0.1616m
  Free Energy (Aggressive)      : Overall=0.1329m  Drone=0.1629m  Ceil=0.0140m  Floor=0.1619m
  → Improvement: +0.52%

********************************************************************************
SCENARIO: SCENARIO_2
********************************************************************************

F2:
  Likelihood-Based              : Overall=0.1863m  Drone=0.2019m  Ceil=0.2021m  Floor=0.1499m
  Free Energy (Aggressive)      : Overall=0.1622m  Drone=0.1970m  Ceil=0.1963m  Floor=0.0398m
  → Improvement: +12.93%

F3:
  Likelihood-Based              : Overall=0.1680m  Drone=0.2008m  Ceil=0.2010m  Floor=0.0625m
  Free Energy (Aggressive)      : Overall=0.1671m  Drone=0.2028m  Ceil=0.2023m  Floor=0.0417m
  → Improvement: +0.50%

F4:
  Likelihood-Based              : Overall=0.1698m  Drone=0.2026m  Ceil=0.2055m  Floor=0.0561m
  Free Energy (Aggressive)      : Overall=0.1670m  Drone=0.2020m  Ceil=0.2028m  Floor=0.0414m
  → Improvement: +1.63%

********************************************************************************
SCENARIO: SCENARIO_3
********************************************************************************

F2:
  Likelihood-Based              : Overall=0.1442m  Drone=0.1650m  Ceil=0.0878m  Floor=0.1656m
  Free Energy (Aggressive)      : Overall=0.1418m  Drone=0.1718m  Ceil=0.0362m  Floor=0.1718m
  → Improvement: +1.62%

F3:
  Likelihood-Based              : Overall=0.1390m  Drone=0.1668m  Ceil=0.0465m  Floor=0.1674m
  Free Energy (Aggressive)      : Overall=0.1401m  Drone=0.1700m  Ceil=0.0352m  Floor=0.1696m
  → Improvement: -0.77%

F4:
  Likelihood-Based              : Overall=0.1410m  Drone=0.1685m  Ceil=0.0494m  Floor=0.1697m
  Free Energy (Aggressive)      : Overall=0.1411m  Drone=0.1709m  Ceil=0.0360m  Floor=0.1709m
  → Improvement: -0.08%

********************************************************************************
SCENARIO: SCENARIO_4
********************************************************************************

F2:
  Likelihood-Based              : Overall=0.0289m  Drone=0.0364m  Ceil=0.0335m  Floor=0.0071m
  Free Energy (Aggressive)      : Overall=0.0271m  Drone=0.0371m  Ceil=0.0280m  Floor=0.0066m
  → Improvement: +6.18%

F3:
  Likelihood-Based              : Overall=0.0300m  Drone=0.0372m  Ceil=0.0357m  Floor=0.0068m
  Free Energy (Aggressive)      : Overall=0.0258m  Drone=0.0358m  Ceil=0.0256m  Floor=0.0072m
  → Improvement: +14.25%

F4:
  Likelihood-Based              : Overall=0.0274m  Drone=0.0342m  Ceil=0.0309m  Floor=0.0112m
  Free Energy (Aggressive)      : Overall=0.0254m  Drone=0.0379m  Ceil=0.0215m  Floor=0.0063m
  → Improvement: +7.17%

********************************************************************************
SCENARIO: SCENARIO_5
********************************************************************************

F2:
  Likelihood-Based              : Overall=0.3284m  Drone=0.2930m  Ceil=0.2933m  Floor=0.3893m
  Free Energy (Aggressive)      : Overall=0.2395m  Drone=0.2929m  Ceil=0.2927m  Floor=0.0251m
  → Improvement: +27.06%

F3:
  Likelihood-Based              : Overall=0.2396m  Drone=0.2927m  Ceil=0.2929m  Floor=0.0278m
  Free Energy (Aggressive)      : Overall=0.2393m  Drone=0.2926m  Ceil=0.2924m  Floor=0.0251m
  → Improvement: +0.13%

F4:
  Likelihood-Based              : Overall=0.2421m  Drone=0.2881m  Ceil=0.2869m  Floor=0.1025m
  Free Energy (Aggressive)      : Overall=0.2411m  Drone=0.2945m  Ceil=0.2950m  Floor=0.0255m
  → Improvement: +0.41%

********************************************************************************
SCENARIO: SCENARIO_6
********************************************************************************

F2:
  Likelihood-Based              : Overall=0.0761m  Drone=0.0929m  Ceil=0.0917m  Floor=0.0177m
  Free Energy (Aggressive)      : Overall=0.0753m  Drone=0.0942m  Ceil=0.0884m  Floor=0.0181m
  → Improvement: +1.01%

F3:
  Likelihood-Based              : Overall=0.0782m  Drone=0.0952m  Ceil=0.0946m  Floor=0.0184m
  Free Energy (Aggressive)      : Overall=0.0745m  Drone=0.0929m  Ceil=0.0879m  Floor=0.0177m
  → Improvement: +4.69%

F4:
  Likelihood-Based              : Overall=0.0721m  Drone=0.0950m  Ceil=0.0786m  Floor=0.0197m
  Free Energy (Aggressive)      : Overall=0.0682m  Drone=0.0852m  Ceil=0.0804m  Floor=0.0150m
  → Improvement: +5.39%

********************************************************************************
SCENARIO: SCENARIO_7
********************************************************************************

F2:
  Likelihood-Based              : Overall=0.0453m  Drone=0.0559m  Ceil=0.0540m  Floor=0.0112m
  Free Energy (Aggressive)      : Overall=0.0394m  Drone=0.0545m  Ceil=0.0397m  Floor=0.0109m
  → Improvement: +12.99%

F3:
  Likelihood-Based              : Overall=0.0458m  Drone=0.0556m  Ceil=0.0554m  Floor=0.0112m
  Free Energy (Aggressive)      : Overall=0.0389m  Drone=0.0533m  Ceil=0.0399m  Floor=0.0108m
  → Improvement: +14.96%

F4:
  Likelihood-Based              : Overall=0.0379m  Drone=0.0528m  Ceil=0.0369m  Floor=0.0126m
  Free Energy (Aggressive)      : Overall=0.0407m  Drone=0.0588m  Ceil=0.0372m  Floor=0.0118m
  → Improvement: -7.52%

********************************************************************************
SCENARIO: SCENARIO_8
********************************************************************************

F2:
  Likelihood-Based              : Overall=0.2033m  Drone=0.2046m  Ceil=0.2006m  Floor=0.2046m
  Free Energy (Aggressive)      : Overall=0.1727m  Drone=0.2043m  Ceil=0.0786m  Floor=0.2039m
  → Improvement: +15.02%

F3:
  Likelihood-Based              : Overall=0.1762m  Drone=0.2043m  Ceil=0.0981m  Floor=0.2043m
  Free Energy (Aggressive)      : Overall=0.1735m  Drone=0.2053m  Ceil=0.0789m  Floor=0.2049m
  → Improvement: +1.50%

F4:
  Likelihood-Based              : Overall=0.1749m  Drone=0.2035m  Ceil=0.0943m  Floor=0.2035m
  Free Energy (Aggressive)      : Overall=0.1714m  Drone=0.2027m  Ceil=0.0776m  Floor=0.2025m
  → Improvement: +1.97%

********************************************************************************
SCENARIO: SCENARIO_9
********************************************************************************

F2:
  Likelihood-Based              : Overall=0.0877m  Drone=0.1075m  Ceil=0.1073m  Floor=0.0048m
  Free Energy (Aggressive)      : Overall=0.0893m  Drone=0.1097m  Ceil=0.1089m  Floor=0.0048m
  → Improvement: -1.81%

F3:
  Likelihood-Based              : Overall=0.0938m  Drone=0.1149m  Ceil=0.1148m  Floor=0.0040m
  Free Energy (Aggressive)      : Overall=0.0906m  Drone=0.1112m  Ceil=0.1107m  Floor=0.0046m
  → Improvement: +3.41%

F4:
  Likelihood-Based              : Overall=0.0886m  Drone=0.1137m  Ceil=0.1028m  Floor=0.0059m
  Free Energy (Aggressive)      : Overall=0.0911m  Drone=0.1115m  Ceil=0.1117m  Floor=0.0046m
  → Improvement: -2.92%

********************************************************************************
SCENARIO: SCENARIO_10
********************************************************************************

F2:
  Likelihood-Based              : Overall=0.1354m  Drone=0.1654m  Ceil=0.1662m  Floor=0.0054m
  Free Energy (Aggressive)      : Overall=0.1363m  Drone=0.1671m  Ceil=0.1668m  Floor=0.0053m
  → Improvement: -0.69%

F3:
  Likelihood-Based              : Overall=0.1374m  Drone=0.1679m  Ceil=0.1685m  Floor=0.0055m
  Free Energy (Aggressive)      : Overall=0.1340m  Drone=0.1643m  Ceil=0.1640m  Floor=0.0049m
  → Improvement: +2.43%

F4:
  Likelihood-Based              : Overall=0.1357m  Drone=0.1640m  Ceil=0.1680m  Floor=0.0107m
  Free Energy (Aggressive)      : Overall=0.1374m  Drone=0.1676m  Ceil=0.1688m  Floor=0.0053m
  → Improvement: -1.22%

********************************************************************************
SCENARIO: SCENARIO_11
********************************************************************************

F2:
  Likelihood-Based              : Overall=0.0768m  Drone=0.0913m  Ceil=0.0909m  Floor=0.0332m
  Free Energy (Aggressive)      : Overall=0.0775m  Drone=0.0931m  Ceil=0.0906m  Floor=0.0339m
  → Improvement: -0.89%

F3:
  Likelihood-Based              : Overall=0.0739m  Drone=0.0877m  Ceil=0.0875m  Floor=0.0323m
  Free Energy (Aggressive)      : Overall=0.0719m  Drone=0.0864m  Ceil=0.0838m  Floor=0.0320m
  → Improvement: +2.68%

F4:
  Likelihood-Based              : Overall=0.0725m  Drone=0.0865m  Ceil=0.0852m  Floor=0.0320m
  Free Energy (Aggressive)      : Overall=0.0706m  Drone=0.0844m  Ceil=0.0828m  Floor=0.0310m
  → Improvement: +2.61%

********************************************************************************
SCENARIO: SCENARIO_12
********************************************************************************

F2:
  Likelihood-Based              : Overall=0.0186m  Drone=0.0265m  Ceil=0.0065m  Floor=0.0170m
  Free Energy (Aggressive)      : Overall=0.0186m  Drone=0.0271m  Ceil=0.0071m  Floor=0.0160m
  → Improvement: -0.22%

F3:
  Likelihood-Based              : Overall=0.0231m  Drone=0.0304m  Ceil=0.0071m  Floor=0.0250m
  Free Energy (Aggressive)      : Overall=0.0204m  Drone=0.0296m  Ceil=0.0076m  Floor=0.0176m
  → Improvement: +11.78%

F4:
  Likelihood-Based              : Overall=0.0208m  Drone=0.0265m  Ceil=0.0154m  Floor=0.0188m
  Free Energy (Aggressive)      : Overall=0.0209m  Drone=0.0303m  Ceil=0.0082m  Floor=0.0180m
  → Improvement: -0.69%

********************************************************************************
SCENARIO: SCENARIO_13
********************************************************************************

F2:
  Likelihood-Based              : Overall=0.1849m  Drone=0.2219m  Ceil=0.0634m  Floor=0.2221m
  Free Energy (Aggressive)      : Overall=0.1876m  Drone=0.2251m  Ceil=0.0656m  Floor=0.2250m
  → Improvement: -1.46%

F3:
  Likelihood-Based              : Overall=0.1883m  Drone=0.2261m  Ceil=0.0643m  Floor=0.2262m
  Free Energy (Aggressive)      : Overall=0.1827m  Drone=0.2193m  Ceil=0.0636m  Floor=0.2192m
  → Improvement: +2.97%

F4:
  Likelihood-Based              : Overall=0.1857m  Drone=0.2219m  Ceil=0.0685m  Floor=0.2226m
  Free Energy (Aggressive)      : Overall=0.1831m  Drone=0.2194m  Ceil=0.0640m  Floor=0.2199m
  → Improvement: +1.41%

********************************************************************************
SCENARIO: SCENARIO_14
********************************************************************************

F2:
  Likelihood-Based              : Overall=0.0887m  Drone=0.1081m  Ceil=0.0172m  Floor=0.1079m
  Free Energy (Aggressive)      : Overall=0.0866m  Drone=0.1059m  Ceil=0.0174m  Floor=0.1048m
  → Improvement: +2.37%

F3:
  Likelihood-Based              : Overall=0.0867m  Drone=0.1055m  Ceil=0.0169m  Floor=0.1056m
  Free Energy (Aggressive)      : Overall=0.0891m  Drone=0.1090m  Ceil=0.0177m  Floor=0.1077m
  → Improvement: -2.70%

F4:
  Likelihood-Based              : Overall=0.0872m  Drone=0.1049m  Ceil=0.0240m  Floor=0.1060m
  Free Energy (Aggressive)      : Overall=0.0882m  Drone=0.1075m  Ceil=0.0172m  Floor=0.1071m
  → Improvement: -1.11%

********************************************************************************
SCENARIO: SCENARIO_15
********************************************************************************

F2:
  Likelihood-Based              : Overall=0.4841m  Drone=0.4801m  Ceil=0.4920m  Floor=0.4800m
  Free Energy (Aggressive)      : Overall=0.3990m  Drone=0.4809m  Ceil=0.1233m  Floor=0.4807m
  → Improvement: +17.58%

F3:
  Likelihood-Based              : Overall=0.4116m  Drone=0.4838m  Ceil=0.2007m  Floor=0.4835m
  Free Energy (Aggressive)      : Overall=0.4006m  Drone=0.4829m  Ceil=0.1235m  Floor=0.4826m
  → Improvement: +2.67%

F4:
  Likelihood-Based              : Overall=0.3968m  Drone=0.4774m  Ceil=0.1934m  Floor=0.4550m
  Free Energy (Aggressive)      : Overall=0.3865m  Drone=0.4761m  Ceil=0.1245m  Floor=0.4539m
  → Improvement: +2.59%

********************************************************************************
SCENARIO: SCENARIO_16
********************************************************************************

F2:
  Likelihood-Based              : Overall=0.1126m  Drone=0.1374m  Ceil=0.0185m  Floor=0.1371m
  Free Energy (Aggressive)      : Overall=0.1157m  Drone=0.1418m  Ceil=0.0209m  Floor=0.1401m
  → Improvement: -2.80%

F3:
  Likelihood-Based              : Overall=0.1139m  Drone=0.1391m  Ceil=0.0184m  Floor=0.1388m
  Free Energy (Aggressive)      : Overall=0.1107m  Drone=0.1357m  Ceil=0.0194m  Floor=0.1342m
  → Improvement: +2.82%

F4:
  Likelihood-Based              : Overall=0.1162m  Drone=0.1406m  Ceil=0.0279m  Floor=0.1413m
  Free Energy (Aggressive)      : Overall=0.1100m  Drone=0.1347m  Ceil=0.0199m  Floor=0.1334m
  → Improvement: +5.32%

********************************************************************************
SCENARIO: SCENARIO_17
********************************************************************************

F2:
  Likelihood-Based              : Overall=0.0372m  Drone=0.0460m  Ceil=0.0113m  Floor=0.0437m
  Free Energy (Aggressive)      : Overall=0.0362m  Drone=0.0462m  Ceil=0.0110m  Floor=0.0410m
  → Improvement: +2.63%

F3:
  Likelihood-Based              : Overall=0.0369m  Drone=0.0455m  Ceil=0.0136m  Floor=0.0428m
  Free Energy (Aggressive)      : Overall=0.0368m  Drone=0.0467m  Ceil=0.0105m  Floor=0.0422m
  → Improvement: +0.17%

F4:
  Likelihood-Based              : Overall=0.0384m  Drone=0.0455m  Ceil=0.0202m  Floor=0.0442m
  Free Energy (Aggressive)      : Overall=0.0363m  Drone=0.0461m  Ceil=0.0123m  Floor=0.0411m
  → Improvement: +5.44%

********************************************************************************
SCENARIO: SCENARIO_18
********************************************************************************

F2:
  Likelihood-Based              : Overall=0.0889m  Drone=0.1076m  Ceil=0.1065m  Floor=0.0277m
  Free Energy (Aggressive)      : Overall=0.0858m  Drone=0.1042m  Ceil=0.1024m  Floor=0.0271m
  → Improvement: +3.44%

F3:
  Likelihood-Based              : Overall=0.0875m  Drone=0.1057m  Ceil=0.1050m  Floor=0.0272m
  Free Energy (Aggressive)      : Overall=0.0869m  Drone=0.1056m  Ceil=0.1037m  Floor=0.0275m
  → Improvement: +0.60%

F4:
  Likelihood-Based              : Overall=0.0930m  Drone=0.1100m  Ceil=0.1139m  Floor=0.0290m
  Free Energy (Aggressive)      : Overall=0.0874m  Drone=0.1054m  Ceil=0.1051m  Floor=0.0273m
  → Improvement: +6.02%

********************************************************************************
SCENARIO: SCENARIO_19
********************************************************************************

F2:
  Likelihood-Based              : Overall=0.0655m  Drone=0.0786m  Ceil=0.0781m  Floor=0.0242m
  Free Energy (Aggressive)      : Overall=0.0656m  Drone=0.0807m  Ceil=0.0758m  Floor=0.0256m
  → Improvement: -0.18%

F3:
  Likelihood-Based              : Overall=0.0658m  Drone=0.0789m  Ceil=0.0787m  Floor=0.0242m
  Free Energy (Aggressive)      : Overall=0.0656m  Drone=0.0797m  Ceil=0.0770m  Floor=0.0250m
  → Improvement: +0.42%

F4:
  Likelihood-Based              : Overall=0.0735m  Drone=0.0826m  Ceil=0.0933m  Floor=0.0259m
  Free Energy (Aggressive)      : Overall=0.0614m  Drone=0.0793m  Ceil=0.0662m  Floor=0.0252m
  → Improvement: +16.46%

********************************************************************************
SCENARIO: SCENARIO_20
********************************************************************************

F2:
  Likelihood-Based              : Overall=0.2295m  Drone=0.2199m  Ceil=0.2481m  Floor=0.2195m
  Free Energy (Aggressive)      : Overall=0.1819m  Drone=0.2214m  Ceil=0.0402m  Floor=0.2206m
  → Improvement: +20.74%

F3:
  Likelihood-Based              : Overall=0.1888m  Drone=0.2218m  Ceil=0.0933m  Floor=0.2214m
  Free Energy (Aggressive)      : Overall=0.1790m  Drone=0.2179m  Ceil=0.0391m  Floor=0.2170m
  → Improvement: +5.18%

F4:
  Likelihood-Based              : Overall=0.1890m  Drone=0.2228m  Ceil=0.0900m  Floor=0.2224m
  Free Energy (Aggressive)      : Overall=0.1789m  Drone=0.2176m  Ceil=0.0390m  Floor=0.2171m
  → Improvement: +5.37%

================================================================================
SUMMARY: Average Improvement by Scenario
================================================================================
Scenario        Avg Improvement      Best Config    
--------------------------------------------------------------------------------
SCENARIO_1      -0.42%              F4             
SCENARIO_2      +5.02%              F2             
SCENARIO_3      +0.26%              F2             
SCENARIO_4      +9.20%              F3             
SCENARIO_5      +9.20%              F2             
SCENARIO_6      +3.70%              F4             
SCENARIO_7      +6.81%              F3             
SCENARIO_8      +6.16%              F2             
SCENARIO_9      -0.44%              F3             
SCENARIO_10     +0.17%              F3             
SCENARIO_11     +1.46%              F3             
SCENARIO_12     +3.62%              F3             
SCENARIO_13     +0.97%              F3             
SCENARIO_14     -0.48%              F2             
SCENARIO_15     +7.61%              F2             
SCENARIO_16     +1.78%              F4             
SCENARIO_17     +2.75%              F4             
SCENARIO_18     +3.35%              F4             
SCENARIO_19     +5.57%              F4             
SCENARIO_20     +10.43%              F2             
================================================================================
  Saved plot: plots/R3.0_L25_u0.03_v0.01/true_vs_estimates_SCENARIO_1.png
  Saved plot: plots/R3.0_L25_u0.03_v0.01/true_vs_estimates_SCENARIO_2.png
  Saved plot: plots/R3.0_L25_u0.03_v0.01/true_vs_estimates_SCENARIO_3.png
  Saved plot: plots/R3.0_L25_u0.03_v0.01/true_vs_estimates_SCENARIO_4.png
  Saved plot: plots/R3.0_L25_u0.03_v0.01/true_vs_estimates_SCENARIO_5.png
  Saved plot: plots/R3.0_L25_u0.03_v0.01/true_vs_estimates_SCENARIO_6.png
  Saved plot: plots/R3.0_L25_u0.03_v0.01/true_vs_estimates_SCENARIO_7.png
  Saved plot: plots/R3.0_L25_u0.03_v0.01/true_vs_estimates_SCENARIO_8.png
  Saved plot: plots/R3.0_L25_u0.03_v0.01/true_vs_estimates_SCENARIO_9.png
  Saved plot: plots/R3.0_L25_u0.03_v0.01/true_vs_estimates_SCENARIO_10.png
  Saved plot: plots/R3.0_L25_u0.03_v0.01/true_vs_estimates_SCENARIO_11.png
  Saved plot: plots/R3.0_L25_u0.03_v0.01/true_vs_estimates_SCENARIO_12.png
  Saved plot: plots/R3.0_L25_u0.03_v0.01/true_vs_estimates_SCENARIO_13.png
  Saved plot: plots/R3.0_L25_u0.03_v0.01/true_vs_estimates_SCENARIO_14.png
  Saved plot: plots/R3.0_L25_u0.03_v0.01/true_vs_estimates_SCENARIO_15.png
  Saved plot: plots/R3.0_L25_u0.03_v0.01/true_vs_estimates_SCENARIO_16.png
  Saved plot: plots/R3.0_L25_u0.03_v0.01/true_vs_estimates_SCENARIO_17.png
  Saved plot: plots/R3.0_L25_u0.03_v0.01/true_vs_estimates_SCENARIO_18.png
  Saved plot: plots/R3.0_L25_u0.03_v0.01/true_vs_estimates_SCENARIO_19.png
  Saved plot: plots/R3.0_L25_u0.03_v0.01/true_vs_estimates_SCENARIO_20.png
Group [1] PF created for drone states (Original MPF baseline)
Obstacle filters created for Original MPF
Original MPF coordinator created (baseline)
