================================================================================
GENERATING SIMULATION DATA FOR 20 SCENARIOS
================================================================================

SCENARIO_1 Scenario:
  Obstacle coverage: 17.5%
  Number of time steps: 1000

SCENARIO_2 Scenario:
  Obstacle coverage: 17.4%
  Number of time steps: 1000

SCENARIO_3 Scenario:
  Obstacle coverage: 13.3%
  Number of time steps: 1000

SCENARIO_4 Scenario:
  Obstacle coverage: 16.5%
  Number of time steps: 1000

SCENARIO_5 Scenario:
  Obstacle coverage: 14.5%
  Number of time steps: 1000

SCENARIO_6 Scenario:
  Obstacle coverage: 11.5%
  Number of time steps: 1000

SCENARIO_7 Scenario:
  Obstacle coverage: 14.8%
  Number of time steps: 1000

SCENARIO_8 Scenario:
  Obstacle coverage: 9.9%
  Number of time steps: 1000

SCENARIO_9 Scenario:
  Obstacle coverage: 11.9%
  Number of time steps: 1000

SCENARIO_10 Scenario:
  Obstacle coverage: 15.3%
  Number of time steps: 1000

SCENARIO_11 Scenario:
  Obstacle coverage: 14.7%
  Number of time steps: 1000

SCENARIO_12 Scenario:
  Obstacle coverage: 13.3%
  Number of time steps: 1000

SCENARIO_13 Scenario:
  Obstacle coverage: 16.3%
  Number of time steps: 1000

SCENARIO_14 Scenario:
  Obstacle coverage: 16.6%
  Number of time steps: 1000

SCENARIO_15 Scenario:
  Obstacle coverage: 15.9%
  Number of time steps: 1000

SCENARIO_16 Scenario:
  Obstacle coverage: 17.7%
  Number of time steps: 1000

SCENARIO_17 Scenario:
  Obstacle coverage: 18.3%
  Number of time steps: 1000

SCENARIO_18 Scenario:
  Obstacle coverage: 21.1%
  Number of time steps: 1000

SCENARIO_19 Scenario:
  Obstacle coverage: 21.5%
  Number of time steps: 1000

SCENARIO_20 Scenario:
  Obstacle coverage: 12.2%
  Number of time steps: 1000
  Saved plot: plots/R3.0_L20_u0.03_v0.03/SCENARIO_1.png
  Saved plot: plots/R3.0_L20_u0.03_v0.03/SCENARIO_2.png
  Saved plot: plots/R3.0_L20_u0.03_v0.03/SCENARIO_3.png
  Saved plot: plots/R3.0_L20_u0.03_v0.03/SCENARIO_4.png
  Saved plot: plots/R3.0_L20_u0.03_v0.03/SCENARIO_5.png
  Saved plot: plots/R3.0_L20_u0.03_v0.03/SCENARIO_6.png
  Saved plot: plots/R3.0_L20_u0.03_v0.03/SCENARIO_7.png
  Saved plot: plots/R3.0_L20_u0.03_v0.03/SCENARIO_8.png
  Saved plot: plots/R3.0_L20_u0.03_v0.03/SCENARIO_9.png
  Saved plot: plots/R3.0_L20_u0.03_v0.03/SCENARIO_10.png
  Saved plot: plots/R3.0_L20_u0.03_v0.03/SCENARIO_11.png
  Saved plot: plots/R3.0_L20_u0.03_v0.03/SCENARIO_12.png
  Saved plot: plots/R3.0_L20_u0.03_v0.03/SCENARIO_13.png
  Saved plot: plots/R3.0_L20_u0.03_v0.03/SCENARIO_14.png
  Saved plot: plots/R3.0_L20_u0.03_v0.03/SCENARIO_15.png
  Saved plot: plots/R3.0_L20_u0.03_v0.03/SCENARIO_16.png
  Saved plot: plots/R3.0_L20_u0.03_v0.03/SCENARIO_17.png
  Saved plot: plots/R3.0_L20_u0.03_v0.03/SCENARIO_18.png
  Saved plot: plots/R3.0_L20_u0.03_v0.03/SCENARIO_19.png
  Saved plot: plots/R3.0_L20_u0.03_v0.03/SCENARIO_20.png

================================================================================
Using SCENARIO_1 for filter setup (all scenarios run in main loop)
================================================================================

Number of time steps: 1000
State dimensions: (1000, 5)
Measurement dimensions: (1000, 2)
KDE ceiling: 63 samples
KDE floor: 112 samples
Helper classes defined
Group [1] EKF created for drone states (Rao-Blackwellized)

================================================================================
TESTING SCENARIO: SCENARIO_1
================================================================================
  SCENARIO_1/F2/Likelihood-Based: Overall RMSE = 0.0751 m
  SCENARIO_1/F2/Free Energy (Aggressive): Overall RMSE = 0.0715 m
  SCENARIO_1/F3/Likelihood-Based: Overall RMSE = 0.0765 m
  SCENARIO_1/F3/Free Energy (Aggressive): Overall RMSE = 0.0706 m
  SCENARIO_1/F4/Likelihood-Based: Overall RMSE = 0.0748 m
  SCENARIO_1/F4/Free Energy (Aggressive): Overall RMSE = 0.0721 m

================================================================================
TESTING SCENARIO: SCENARIO_2
================================================================================
  SCENARIO_2/F2/Likelihood-Based: Overall RMSE = 0.1186 m
  SCENARIO_2/F2/Free Energy (Aggressive): Overall RMSE = 0.1140 m
  SCENARIO_2/F3/Likelihood-Based: Overall RMSE = 0.1178 m
  SCENARIO_2/F3/Free Energy (Aggressive): Overall RMSE = 0.1153 m
  SCENARIO_2/F4/Likelihood-Based: Overall RMSE = 0.1228 m
  SCENARIO_2/F4/Free Energy (Aggressive): Overall RMSE = 0.1143 m

================================================================================
TESTING SCENARIO: SCENARIO_3
================================================================================
  SCENARIO_3/F2/Likelihood-Based: Overall RMSE = 0.0832 m
  SCENARIO_3/F2/Free Energy (Aggressive): Overall RMSE = 0.0761 m
  SCENARIO_3/F3/Likelihood-Based: Overall RMSE = 0.0840 m
  SCENARIO_3/F3/Free Energy (Aggressive): Overall RMSE = 0.0796 m
  SCENARIO_3/F4/Likelihood-Based: Overall RMSE = 0.0891 m
  SCENARIO_3/F4/Free Energy (Aggressive): Overall RMSE = 0.0761 m

================================================================================
TESTING SCENARIO: SCENARIO_4
================================================================================
  SCENARIO_4/F2/Likelihood-Based: Overall RMSE = 0.0151 m
  SCENARIO_4/F2/Free Energy (Aggressive): Overall RMSE = 0.0160 m
  SCENARIO_4/F3/Likelihood-Based: Overall RMSE = 0.0157 m
  SCENARIO_4/F3/Free Energy (Aggressive): Overall RMSE = 0.0164 m
  SCENARIO_4/F4/Likelihood-Based: Overall RMSE = 0.0265 m
  SCENARIO_4/F4/Free Energy (Aggressive): Overall RMSE = 0.0167 m

================================================================================
TESTING SCENARIO: SCENARIO_5
================================================================================
  SCENARIO_5/F2/Likelihood-Based: Overall RMSE = 0.1683 m
  SCENARIO_5/F2/Free Energy (Aggressive): Overall RMSE = 0.1645 m
  SCENARIO_5/F3/Likelihood-Based: Overall RMSE = 0.1683 m
  SCENARIO_5/F3/Free Energy (Aggressive): Overall RMSE = 0.1669 m
  SCENARIO_5/F4/Likelihood-Based: Overall RMSE = 0.1678 m
  SCENARIO_5/F4/Free Energy (Aggressive): Overall RMSE = 0.1685 m

================================================================================
TESTING SCENARIO: SCENARIO_6
================================================================================
  SCENARIO_6/F2/Likelihood-Based: Overall RMSE = 0.0393 m
  SCENARIO_6/F2/Free Energy (Aggressive): Overall RMSE = 0.0368 m
  SCENARIO_6/F3/Likelihood-Based: Overall RMSE = 0.0446 m
  SCENARIO_6/F3/Free Energy (Aggressive): Overall RMSE = 0.0353 m
  SCENARIO_6/F4/Likelihood-Based: Overall RMSE = 0.0339 m
  SCENARIO_6/F4/Free Energy (Aggressive): Overall RMSE = 0.0354 m

================================================================================
TESTING SCENARIO: SCENARIO_7
================================================================================
  SCENARIO_7/F2/Likelihood-Based: Overall RMSE = 0.0349 m
  SCENARIO_7/F2/Free Energy (Aggressive): Overall RMSE = 0.0367 m
  SCENARIO_7/F3/Likelihood-Based: Overall RMSE = 0.0399 m
  SCENARIO_7/F3/Free Energy (Aggressive): Overall RMSE = 0.0352 m
  SCENARIO_7/F4/Likelihood-Based: Overall RMSE = 0.0483 m
  SCENARIO_7/F4/Free Energy (Aggressive): Overall RMSE = 0.0337 m

================================================================================
TESTING SCENARIO: SCENARIO_8
================================================================================
  SCENARIO_8/F2/Likelihood-Based: Overall RMSE = 0.1202 m
  SCENARIO_8/F2/Free Energy (Aggressive): Overall RMSE = 0.1131 m
  SCENARIO_8/F3/Likelihood-Based: Overall RMSE = 0.1196 m
  SCENARIO_8/F3/Free Energy (Aggressive): Overall RMSE = 0.1160 m
  SCENARIO_8/F4/Likelihood-Based: Overall RMSE = 0.1173 m
  SCENARIO_8/F4/Free Energy (Aggressive): Overall RMSE = 0.1148 m

================================================================================
TESTING SCENARIO: SCENARIO_9
================================================================================
  SCENARIO_9/F2/Likelihood-Based: Overall RMSE = 0.0487 m
  SCENARIO_9/F2/Free Energy (Aggressive): Overall RMSE = 0.0394 m
  SCENARIO_9/F3/Likelihood-Based: Overall RMSE = 0.0492 m
  SCENARIO_9/F3/Free Energy (Aggressive): Overall RMSE = 0.0401 m
  SCENARIO_9/F4/Likelihood-Based: Overall RMSE = 0.0390 m
  SCENARIO_9/F4/Free Energy (Aggressive): Overall RMSE = 0.0407 m

================================================================================
TESTING SCENARIO: SCENARIO_10
================================================================================
  SCENARIO_10/F2/Likelihood-Based: Overall RMSE = 0.0900 m
  SCENARIO_10/F2/Free Energy (Aggressive): Overall RMSE = 0.0837 m
  SCENARIO_10/F3/Likelihood-Based: Overall RMSE = 0.0897 m
  SCENARIO_10/F3/Free Energy (Aggressive): Overall RMSE = 0.0830 m
  SCENARIO_10/F4/Likelihood-Based: Overall RMSE = 0.0849 m
  SCENARIO_10/F4/Free Energy (Aggressive): Overall RMSE = 0.0821 m

================================================================================
TESTING SCENARIO: SCENARIO_11
================================================================================
  SCENARIO_11/F2/Likelihood-Based: Overall RMSE = 0.0659 m
  SCENARIO_11/F2/Free Energy (Aggressive): Overall RMSE = 0.0577 m
  SCENARIO_11/F3/Likelihood-Based: Overall RMSE = 0.0704 m
  SCENARIO_11/F3/Free Energy (Aggressive): Overall RMSE = 0.0600 m
  SCENARIO_11/F4/Likelihood-Based: Overall RMSE = 0.0577 m
  SCENARIO_11/F4/Free Energy (Aggressive): Overall RMSE = 0.0584 m

================================================================================
TESTING SCENARIO: SCENARIO_12
================================================================================
  SCENARIO_12/F2/Likelihood-Based: Overall RMSE = 0.0173 m
  SCENARIO_12/F2/Free Energy (Aggressive): Overall RMSE = 0.0194 m
  SCENARIO_12/F3/Likelihood-Based: Overall RMSE = 0.0142 m
  SCENARIO_12/F3/Free Energy (Aggressive): Overall RMSE = 0.0164 m
  SCENARIO_12/F4/Likelihood-Based: Overall RMSE = 0.0148 m
  SCENARIO_12/F4/Free Energy (Aggressive): Overall RMSE = 0.0169 m

================================================================================
TESTING SCENARIO: SCENARIO_13
================================================================================
  SCENARIO_13/F2/Likelihood-Based: Overall RMSE = 0.1605 m
  SCENARIO_13/F2/Free Energy (Aggressive): Overall RMSE = 0.1566 m
  SCENARIO_13/F3/Likelihood-Based: Overall RMSE = 0.1633 m
  SCENARIO_13/F3/Free Energy (Aggressive): Overall RMSE = 0.1559 m
  SCENARIO_13/F4/Likelihood-Based: Overall RMSE = 0.1625 m
  SCENARIO_13/F4/Free Energy (Aggressive): Overall RMSE = 0.1591 m

================================================================================
TESTING SCENARIO: SCENARIO_14
================================================================================
  SCENARIO_14/F2/Likelihood-Based: Overall RMSE = 0.0588 m
  SCENARIO_14/F2/Free Energy (Aggressive): Overall RMSE = 0.0501 m
  SCENARIO_14/F3/Likelihood-Based: Overall RMSE = 0.0630 m
  SCENARIO_14/F3/Free Energy (Aggressive): Overall RMSE = 0.0516 m
  SCENARIO_14/F4/Likelihood-Based: Overall RMSE = 0.0679 m
  SCENARIO_14/F4/Free Energy (Aggressive): Overall RMSE = 0.0498 m

================================================================================
TESTING SCENARIO: SCENARIO_15
================================================================================
  SCENARIO_15/F2/Likelihood-Based: Overall RMSE = 0.2813 m
  SCENARIO_15/F2/Free Energy (Aggressive): Overall RMSE = 0.2869 m
  SCENARIO_15/F3/Likelihood-Based: Overall RMSE = 0.2880 m
  SCENARIO_15/F3/Free Energy (Aggressive): Overall RMSE = 0.2849 m
  SCENARIO_15/F4/Likelihood-Based: Overall RMSE = 0.2839 m
  SCENARIO_15/F4/Free Energy (Aggressive): Overall RMSE = 0.2913 m

================================================================================
TESTING SCENARIO: SCENARIO_16
================================================================================
  SCENARIO_16/F2/Likelihood-Based: Overall RMSE = 0.0788 m
  SCENARIO_16/F2/Free Energy (Aggressive): Overall RMSE = 0.0682 m
  SCENARIO_16/F3/Likelihood-Based: Overall RMSE = 0.0741 m
  SCENARIO_16/F3/Free Energy (Aggressive): Overall RMSE = 0.0702 m
  SCENARIO_16/F4/Likelihood-Based: Overall RMSE = 0.0857 m
  SCENARIO_16/F4/Free Energy (Aggressive): Overall RMSE = 0.0722 m

================================================================================
TESTING SCENARIO: SCENARIO_17
================================================================================
  SCENARIO_17/F2/Likelihood-Based: Overall RMSE = 0.0196 m
  SCENARIO_17/F2/Free Energy (Aggressive): Overall RMSE = 0.0192 m
  SCENARIO_17/F3/Likelihood-Based: Overall RMSE = 0.0207 m
  SCENARIO_17/F3/Free Energy (Aggressive): Overall RMSE = 0.0187 m
  SCENARIO_17/F4/Likelihood-Based: Overall RMSE = 0.0297 m
  SCENARIO_17/F4/Free Energy (Aggressive): Overall RMSE = 0.0193 m

================================================================================
TESTING SCENARIO: SCENARIO_18
================================================================================
  SCENARIO_18/F2/Likelihood-Based: Overall RMSE = 0.0583 m
  SCENARIO_18/F2/Free Energy (Aggressive): Overall RMSE = 0.0479 m
  SCENARIO_18/F3/Likelihood-Based: Overall RMSE = 0.0612 m
  SCENARIO_18/F3/Free Energy (Aggressive): Overall RMSE = 0.0539 m
  SCENARIO_18/F4/Likelihood-Based: Overall RMSE = 0.0668 m
  SCENARIO_18/F4/Free Energy (Aggressive): Overall RMSE = 0.0492 m

================================================================================
TESTING SCENARIO: SCENARIO_19
================================================================================
  SCENARIO_19/F2/Likelihood-Based: Overall RMSE = 0.0650 m
  SCENARIO_19/F2/Free Energy (Aggressive): Overall RMSE = 0.0534 m
  SCENARIO_19/F3/Likelihood-Based: Overall RMSE = 0.0636 m
  SCENARIO_19/F3/Free Energy (Aggressive): Overall RMSE = 0.0503 m
  SCENARIO_19/F4/Likelihood-Based: Overall RMSE = 0.0624 m
  SCENARIO_19/F4/Free Energy (Aggressive): Overall RMSE = 0.0552 m

================================================================================
TESTING SCENARIO: SCENARIO_20
================================================================================
  SCENARIO_20/F2/Likelihood-Based: Overall RMSE = 0.1289 m
  SCENARIO_20/F2/Free Energy (Aggressive): Overall RMSE = 0.1194 m
  SCENARIO_20/F3/Likelihood-Based: Overall RMSE = 0.1276 m
  SCENARIO_20/F3/Free Energy (Aggressive): Overall RMSE = 0.1204 m
  SCENARIO_20/F4/Likelihood-Based: Overall RMSE = 0.1268 m
  SCENARIO_20/F4/Free Energy (Aggressive): Overall RMSE = 0.1238 m

================================================================================
COMPREHENSIVE COMPARISON ACROSS ALL SCENARIOS
================================================================================

********************************************************************************
SCENARIO: SCENARIO_1
********************************************************************************

F2:
  Likelihood-Based              : Overall=0.0751m  Drone=0.0919m  Ceil=0.0189m  Floor=0.0902m
  Free Energy (Aggressive)      : Overall=0.0715m  Drone=0.0936m  Ceil=0.0094m  Floor=0.0807m
  → Improvement: +4.78%

F3:
  Likelihood-Based              : Overall=0.0765m  Drone=0.0935m  Ceil=0.0153m  Floor=0.0928m
  Free Energy (Aggressive)      : Overall=0.0706m  Drone=0.0921m  Ceil=0.0093m  Floor=0.0798m
  → Improvement: +7.82%

F4:
  Likelihood-Based              : Overall=0.0748m  Drone=0.0920m  Ceil=0.0122m  Floor=0.0903m
  Free Energy (Aggressive)      : Overall=0.0721m  Drone=0.0929m  Ceil=0.0086m  Floor=0.0830m
  → Improvement: +3.63%

********************************************************************************
SCENARIO: SCENARIO_2
********************************************************************************

F2:
  Likelihood-Based              : Overall=0.1186m  Drone=0.1443m  Ceil=0.1423m  Floor=0.0334m
  Free Energy (Aggressive)      : Overall=0.1140m  Drone=0.1416m  Ceil=0.1271m  Floor=0.0530m
  → Improvement: +3.83%

F3:
  Likelihood-Based              : Overall=0.1178m  Drone=0.1424m  Ceil=0.1425m  Floor=0.0328m
  Free Energy (Aggressive)      : Overall=0.1153m  Drone=0.1426m  Ceil=0.1300m  Floor=0.0511m
  → Improvement: +2.16%

F4:
  Likelihood-Based              : Overall=0.1228m  Drone=0.1432m  Ceil=0.1541m  Floor=0.0321m
  Free Energy (Aggressive)      : Overall=0.1143m  Drone=0.1400m  Ceil=0.1306m  Floor=0.0504m
  → Improvement: +6.95%

********************************************************************************
SCENARIO: SCENARIO_3
********************************************************************************

F2:
  Likelihood-Based              : Overall=0.0832m  Drone=0.1007m  Ceil=0.0250m  Floor=0.1001m
  Free Energy (Aggressive)      : Overall=0.0761m  Drone=0.0993m  Ceil=0.0355m  Floor=0.0789m
  → Improvement: +8.62%

F3:
  Likelihood-Based              : Overall=0.0840m  Drone=0.1011m  Ceil=0.0250m  Floor=0.1017m
  Free Energy (Aggressive)      : Overall=0.0796m  Drone=0.1028m  Ceil=0.0355m  Floor=0.0847m
  → Improvement: +5.26%

F4:
  Likelihood-Based              : Overall=0.0891m  Drone=0.1014m  Ceil=0.0440m  Floor=0.1076m
  Free Energy (Aggressive)      : Overall=0.0761m  Drone=0.0970m  Ceil=0.0362m  Floor=0.0815m
  → Improvement: +14.60%

********************************************************************************
SCENARIO: SCENARIO_4
********************************************************************************

F2:
  Likelihood-Based              : Overall=0.0151m  Drone=0.0201m  Ceil=0.0117m  Floor=0.0119m
  Free Energy (Aggressive)      : Overall=0.0160m  Drone=0.0207m  Ceil=0.0148m  Floor=0.0110m
  → Improvement: -6.01%

F3:
  Likelihood-Based              : Overall=0.0157m  Drone=0.0202m  Ceil=0.0131m  Floor=0.0127m
  Free Energy (Aggressive)      : Overall=0.0164m  Drone=0.0206m  Ceil=0.0153m  Floor=0.0120m
  → Improvement: -4.13%

F4:
  Likelihood-Based              : Overall=0.0265m  Drone=0.0205m  Ceil=0.0391m  Floor=0.0127m
  Free Energy (Aggressive)      : Overall=0.0167m  Drone=0.0219m  Ceil=0.0158m  Floor=0.0103m
  → Improvement: +37.07%

********************************************************************************
SCENARIO: SCENARIO_5
********************************************************************************

F2:
  Likelihood-Based              : Overall=0.1683m  Drone=0.2058m  Ceil=0.2056m  Floor=0.0193m
  Free Energy (Aggressive)      : Overall=0.1645m  Drone=0.2030m  Ceil=0.1990m  Floor=0.0182m
  → Improvement: +2.31%

F3:
  Likelihood-Based              : Overall=0.1683m  Drone=0.2058m  Ceil=0.2054m  Floor=0.0194m
  Free Energy (Aggressive)      : Overall=0.1669m  Drone=0.2059m  Ceil=0.2019m  Floor=0.0194m
  → Improvement: +0.83%

F4:
  Likelihood-Based              : Overall=0.1678m  Drone=0.2049m  Ceil=0.2051m  Floor=0.0210m
  Free Energy (Aggressive)      : Overall=0.1685m  Drone=0.2050m  Ceil=0.2068m  Floor=0.0190m
  → Improvement: -0.38%

********************************************************************************
SCENARIO: SCENARIO_6
********************************************************************************

F2:
  Likelihood-Based              : Overall=0.0393m  Drone=0.0561m  Ceil=0.0343m  Floor=0.0177m
  Free Energy (Aggressive)      : Overall=0.0368m  Drone=0.0578m  Ceil=0.0198m  Floor=0.0180m
  → Improvement: +6.49%

F3:
  Likelihood-Based              : Overall=0.0446m  Drone=0.0552m  Ceil=0.0509m  Floor=0.0185m
  Free Energy (Aggressive)      : Overall=0.0353m  Drone=0.0553m  Ceil=0.0189m  Floor=0.0179m
  → Improvement: +20.97%

F4:
  Likelihood-Based              : Overall=0.0339m  Drone=0.0524m  Ceil=0.0214m  Floor=0.0157m
  Free Energy (Aggressive)      : Overall=0.0354m  Drone=0.0548m  Ceil=0.0223m  Floor=0.0161m
  → Improvement: -4.45%

********************************************************************************
SCENARIO: SCENARIO_7
********************************************************************************

F2:
  Likelihood-Based              : Overall=0.0349m  Drone=0.0536m  Ceil=0.0248m  Floor=0.0128m
  Free Energy (Aggressive)      : Overall=0.0367m  Drone=0.0585m  Ceil=0.0210m  Floor=0.0133m
  → Improvement: -5.24%

F3:
  Likelihood-Based              : Overall=0.0399m  Drone=0.0547m  Ceil=0.0403m  Floor=0.0132m
  Free Energy (Aggressive)      : Overall=0.0352m  Drone=0.0561m  Ceil=0.0197m  Floor=0.0132m
  → Improvement: +11.95%

F4:
  Likelihood-Based              : Overall=0.0483m  Drone=0.0584m  Ceil=0.0581m  Floor=0.0144m
  Free Energy (Aggressive)      : Overall=0.0337m  Drone=0.0531m  Ceil=0.0209m  Floor=0.0121m
  → Improvement: +30.27%

********************************************************************************
SCENARIO: SCENARIO_8
********************************************************************************

F2:
  Likelihood-Based              : Overall=0.1202m  Drone=0.1438m  Ceil=0.0524m  Floor=0.1411m
  Free Energy (Aggressive)      : Overall=0.1131m  Drone=0.1370m  Ceil=0.0644m  Floor=0.1243m
  → Improvement: +5.90%

F3:
  Likelihood-Based              : Overall=0.1196m  Drone=0.1424m  Ceil=0.0521m  Floor=0.1410m
  Free Energy (Aggressive)      : Overall=0.1160m  Drone=0.1406m  Ceil=0.0638m  Floor=0.1286m
  → Improvement: +2.96%

F4:
  Likelihood-Based              : Overall=0.1173m  Drone=0.1373m  Ceil=0.0593m  Floor=0.1375m
  Free Energy (Aggressive)      : Overall=0.1148m  Drone=0.1377m  Ceil=0.0637m  Floor=0.1286m
  → Improvement: +2.12%

********************************************************************************
SCENARIO: SCENARIO_9
********************************************************************************

F2:
  Likelihood-Based              : Overall=0.0487m  Drone=0.0620m  Ceil=0.0566m  Floor=0.0086m
  Free Energy (Aggressive)      : Overall=0.0394m  Drone=0.0606m  Ceil=0.0256m  Floor=0.0186m
  → Improvement: +19.05%

F3:
  Likelihood-Based              : Overall=0.0492m  Drone=0.0608m  Ceil=0.0591m  Floor=0.0089m
  Free Energy (Aggressive)      : Overall=0.0401m  Drone=0.0610m  Ceil=0.0276m  Floor=0.0185m
  → Improvement: +18.44%

F4:
  Likelihood-Based              : Overall=0.0390m  Drone=0.0595m  Ceil=0.0307m  Floor=0.0091m
  Free Energy (Aggressive)      : Overall=0.0407m  Drone=0.0625m  Ceil=0.0269m  Floor=0.0186m
  → Improvement: -4.35%

********************************************************************************
SCENARIO: SCENARIO_10
********************************************************************************

F2:
  Likelihood-Based              : Overall=0.0900m  Drone=0.1119m  Ceil=0.1080m  Floor=0.0100m
  Free Energy (Aggressive)      : Overall=0.0837m  Drone=0.1122m  Ceil=0.0913m  Floor=0.0099m
  → Improvement: +6.98%

F3:
  Likelihood-Based              : Overall=0.0897m  Drone=0.1101m  Ceil=0.1092m  Floor=0.0102m
  Free Energy (Aggressive)      : Overall=0.0830m  Drone=0.1104m  Ceil=0.0915m  Floor=0.0100m
  → Improvement: +7.47%

F4:
  Likelihood-Based              : Overall=0.0849m  Drone=0.1092m  Ceil=0.0979m  Floor=0.0097m
  Free Energy (Aggressive)      : Overall=0.0821m  Drone=0.1086m  Ceil=0.0913m  Floor=0.0094m
  → Improvement: +3.27%

********************************************************************************
SCENARIO: SCENARIO_11
********************************************************************************

F2:
  Likelihood-Based              : Overall=0.0659m  Drone=0.0841m  Ceil=0.0723m  Floor=0.0273m
  Free Energy (Aggressive)      : Overall=0.0577m  Drone=0.0835m  Ceil=0.0393m  Floor=0.0386m
  → Improvement: +12.47%

F3:
  Likelihood-Based              : Overall=0.0704m  Drone=0.0849m  Ceil=0.0829m  Floor=0.0280m
  Free Energy (Aggressive)      : Overall=0.0600m  Drone=0.0866m  Ceil=0.0438m  Floor=0.0372m
  → Improvement: +14.76%

F4:
  Likelihood-Based              : Overall=0.0577m  Drone=0.0845m  Ceil=0.0462m  Floor=0.0264m
  Free Energy (Aggressive)      : Overall=0.0584m  Drone=0.0860m  Ceil=0.0380m  Floor=0.0372m
  → Improvement: -1.22%

********************************************************************************
SCENARIO: SCENARIO_12
********************************************************************************

F2:
  Likelihood-Based              : Overall=0.0173m  Drone=0.0255m  Ceil=0.0109m  Floor=0.0115m
  Free Energy (Aggressive)      : Overall=0.0194m  Drone=0.0272m  Ceil=0.0161m  Floor=0.0112m
  → Improvement: -11.88%

F3:
  Likelihood-Based              : Overall=0.0142m  Drone=0.0189m  Ceil=0.0098m  Floor=0.0125m
  Free Energy (Aggressive)      : Overall=0.0164m  Drone=0.0229m  Ceil=0.0137m  Floor=0.0099m
  → Improvement: -15.44%

F4:
  Likelihood-Based              : Overall=0.0148m  Drone=0.0201m  Ceil=0.0124m  Floor=0.0101m
  Free Energy (Aggressive)      : Overall=0.0169m  Drone=0.0225m  Ceil=0.0158m  Floor=0.0102m
  → Improvement: -13.96%

********************************************************************************
SCENARIO: SCENARIO_13
********************************************************************************

F2:
  Likelihood-Based              : Overall=0.1605m  Drone=0.1926m  Ceil=0.0547m  Floor=0.1930m
  Free Energy (Aggressive)      : Overall=0.1566m  Drone=0.1893m  Ceil=0.0692m  Floor=0.1815m
  → Improvement: +2.47%

F3:
  Likelihood-Based              : Overall=0.1633m  Drone=0.1958m  Ceil=0.0557m  Floor=0.1963m
  Free Energy (Aggressive)      : Overall=0.1559m  Drone=0.1890m  Ceil=0.0663m  Floor=0.1810m
  → Improvement: +4.56%

F4:
  Likelihood-Based              : Overall=0.1625m  Drone=0.1905m  Ceil=0.0624m  Floor=0.1976m
  Free Energy (Aggressive)      : Overall=0.1591m  Drone=0.1907m  Ceil=0.0681m  Floor=0.1869m
  → Improvement: +2.09%

********************************************************************************
SCENARIO: SCENARIO_14
********************************************************************************

F2:
  Likelihood-Based              : Overall=0.0588m  Drone=0.0715m  Ceil=0.0167m  Floor=0.0705m
  Free Energy (Aggressive)      : Overall=0.0501m  Drone=0.0755m  Ceil=0.0201m  Floor=0.0380m
  → Improvement: +14.68%

F3:
  Likelihood-Based              : Overall=0.0630m  Drone=0.0756m  Ceil=0.0175m  Floor=0.0766m
  Free Energy (Aggressive)      : Overall=0.0516m  Drone=0.0765m  Ceil=0.0181m  Floor=0.0425m
  → Improvement: +18.04%

F4:
  Likelihood-Based              : Overall=0.0679m  Drone=0.0735m  Ceil=0.0452m  Floor=0.0798m
  Free Energy (Aggressive)      : Overall=0.0498m  Drone=0.0744m  Ceil=0.0192m  Floor=0.0392m
  → Improvement: +26.62%

********************************************************************************
SCENARIO: SCENARIO_15
********************************************************************************

F2:
  Likelihood-Based              : Overall=0.2813m  Drone=0.3404m  Ceil=0.0831m  Floor=0.3386m
  Free Energy (Aggressive)      : Overall=0.2869m  Drone=0.3453m  Ceil=0.1065m  Floor=0.3412m
  → Improvement: -2.00%

F3:
  Likelihood-Based              : Overall=0.2880m  Drone=0.3484m  Ceil=0.0870m  Floor=0.3462m
  Free Energy (Aggressive)      : Overall=0.2849m  Drone=0.3453m  Ceil=0.0916m  Floor=0.3404m
  → Improvement: +1.09%

F4:
  Likelihood-Based              : Overall=0.2839m  Drone=0.3461m  Ceil=0.0824m  Floor=0.3395m
  Free Energy (Aggressive)      : Overall=0.2913m  Drone=0.3529m  Ceil=0.1098m  Floor=0.3436m
  → Improvement: -2.63%

********************************************************************************
SCENARIO: SCENARIO_16
********************************************************************************

F2:
  Likelihood-Based              : Overall=0.0788m  Drone=0.0985m  Ceil=0.0182m  Floor=0.0927m
  Free Energy (Aggressive)      : Overall=0.0682m  Drone=0.0937m  Ceil=0.0282m  Floor=0.0662m
  → Improvement: +13.49%

F3:
  Likelihood-Based              : Overall=0.0741m  Drone=0.0923m  Ceil=0.0161m  Floor=0.0878m
  Free Energy (Aggressive)      : Overall=0.0702m  Drone=0.0957m  Ceil=0.0266m  Floor=0.0702m
  → Improvement: +5.21%

F4:
  Likelihood-Based              : Overall=0.0857m  Drone=0.0983m  Ceil=0.0550m  Floor=0.0966m
  Free Energy (Aggressive)      : Overall=0.0722m  Drone=0.0971m  Ceil=0.0311m  Floor=0.0723m
  → Improvement: +15.77%

********************************************************************************
SCENARIO: SCENARIO_17
********************************************************************************

F2:
  Likelihood-Based              : Overall=0.0196m  Drone=0.0222m  Ceil=0.0191m  Floor=0.0171m
  Free Energy (Aggressive)      : Overall=0.0192m  Drone=0.0229m  Ceil=0.0196m  Floor=0.0141m
  → Improvement: +1.91%

F3:
  Likelihood-Based              : Overall=0.0207m  Drone=0.0235m  Ceil=0.0220m  Floor=0.0159m
  Free Energy (Aggressive)      : Overall=0.0187m  Drone=0.0232m  Ceil=0.0201m  Floor=0.0101m
  → Improvement: +9.90%

F4:
  Likelihood-Based              : Overall=0.0297m  Drone=0.0231m  Ceil=0.0436m  Floor=0.0144m
  Free Energy (Aggressive)      : Overall=0.0193m  Drone=0.0224m  Ceil=0.0218m  Floor=0.0120m
  → Improvement: +35.00%

********************************************************************************
SCENARIO: SCENARIO_18
********************************************************************************

F2:
  Likelihood-Based              : Overall=0.0583m  Drone=0.0746m  Ceil=0.0646m  Floor=0.0216m
  Free Energy (Aggressive)      : Overall=0.0479m  Drone=0.0707m  Ceil=0.0343m  Floor=0.0264m
  → Improvement: +17.95%

F3:
  Likelihood-Based              : Overall=0.0612m  Drone=0.0741m  Ceil=0.0726m  Floor=0.0212m
  Free Energy (Aggressive)      : Overall=0.0539m  Drone=0.0788m  Ceil=0.0415m  Floor=0.0283m
  → Improvement: +11.79%

F4:
  Likelihood-Based              : Overall=0.0668m  Drone=0.0795m  Ceil=0.0801m  Floor=0.0255m
  Free Energy (Aggressive)      : Overall=0.0492m  Drone=0.0732m  Ceil=0.0343m  Floor=0.0267m
  → Improvement: +26.39%

********************************************************************************
SCENARIO: SCENARIO_19
********************************************************************************

F2:
  Likelihood-Based              : Overall=0.0650m  Drone=0.0834m  Ceil=0.0698m  Floor=0.0288m
  Free Energy (Aggressive)      : Overall=0.0534m  Drone=0.0797m  Ceil=0.0319m  Floor=0.0346m
  → Improvement: +17.76%

F3:
  Likelihood-Based              : Overall=0.0636m  Drone=0.0783m  Ceil=0.0728m  Floor=0.0265m
  Free Energy (Aggressive)      : Overall=0.0503m  Drone=0.0744m  Ceil=0.0299m  Floor=0.0341m
  → Improvement: +20.95%

F4:
  Likelihood-Based              : Overall=0.0624m  Drone=0.0787m  Ceil=0.0684m  Floor=0.0287m
  Free Energy (Aggressive)      : Overall=0.0552m  Drone=0.0831m  Ceil=0.0324m  Floor=0.0344m
  → Improvement: +11.66%

********************************************************************************
SCENARIO: SCENARIO_20
********************************************************************************

F2:
  Likelihood-Based              : Overall=0.1289m  Drone=0.1578m  Ceil=0.0274m  Floor=0.1555m
  Free Energy (Aggressive)      : Overall=0.1194m  Drone=0.1504m  Ceil=0.0319m  Floor=0.1385m
  → Improvement: +7.32%

F3:
  Likelihood-Based              : Overall=0.1276m  Drone=0.1558m  Ceil=0.0268m  Floor=0.1544m
  Free Energy (Aggressive)      : Overall=0.1204m  Drone=0.1505m  Ceil=0.0322m  Floor=0.1407m
  → Improvement: +5.65%

F4:
  Likelihood-Based              : Overall=0.1268m  Drone=0.1537m  Ceil=0.0243m  Floor=0.1549m
  Free Energy (Aggressive)      : Overall=0.1238m  Drone=0.1527m  Ceil=0.0322m  Floor=0.1471m
  → Improvement: +2.32%

================================================================================
SUMMARY: Average Improvement by Scenario
================================================================================
Scenario        Avg Improvement      Best Config    
--------------------------------------------------------------------------------
SCENARIO_1      +5.41%              F3             
SCENARIO_2      +4.31%              F4             
SCENARIO_3      +9.49%              F4             
SCENARIO_4      +8.98%              F4             
SCENARIO_5      +0.92%              F2             
SCENARIO_6      +7.67%              F3             
SCENARIO_7      +12.33%              F4             
SCENARIO_8      +3.66%              F2             
SCENARIO_9      +11.05%              F2             
SCENARIO_10     +5.90%              F3             
SCENARIO_11     +8.67%              F3             
SCENARIO_12     -13.76%              F2             
SCENARIO_13     +3.04%              F3             
SCENARIO_14     +19.78%              F4             
SCENARIO_15     -1.18%              F3             
SCENARIO_16     +11.49%              F4             
SCENARIO_17     +15.60%              F4             
SCENARIO_18     +18.71%              F4             
SCENARIO_19     +16.79%              F3             
SCENARIO_20     +5.10%              F2             
================================================================================
  Saved plot: plots/R3.0_L20_u0.03_v0.03/true_vs_estimates_SCENARIO_1.png
  Saved plot: plots/R3.0_L20_u0.03_v0.03/true_vs_estimates_SCENARIO_2.png
  Saved plot: plots/R3.0_L20_u0.03_v0.03/true_vs_estimates_SCENARIO_3.png
  Saved plot: plots/R3.0_L20_u0.03_v0.03/true_vs_estimates_SCENARIO_4.png
  Saved plot: plots/R3.0_L20_u0.03_v0.03/true_vs_estimates_SCENARIO_5.png
  Saved plot: plots/R3.0_L20_u0.03_v0.03/true_vs_estimates_SCENARIO_6.png
  Saved plot: plots/R3.0_L20_u0.03_v0.03/true_vs_estimates_SCENARIO_7.png
  Saved plot: plots/R3.0_L20_u0.03_v0.03/true_vs_estimates_SCENARIO_8.png
  Saved plot: plots/R3.0_L20_u0.03_v0.03/true_vs_estimates_SCENARIO_9.png
  Saved plot: plots/R3.0_L20_u0.03_v0.03/true_vs_estimates_SCENARIO_10.png
  Saved plot: plots/R3.0_L20_u0.03_v0.03/true_vs_estimates_SCENARIO_11.png
  Saved plot: plots/R3.0_L20_u0.03_v0.03/true_vs_estimates_SCENARIO_12.png
  Saved plot: plots/R3.0_L20_u0.03_v0.03/true_vs_estimates_SCENARIO_13.png
  Saved plot: plots/R3.0_L20_u0.03_v0.03/true_vs_estimates_SCENARIO_14.png
  Saved plot: plots/R3.0_L20_u0.03_v0.03/true_vs_estimates_SCENARIO_15.png
  Saved plot: plots/R3.0_L20_u0.03_v0.03/true_vs_estimates_SCENARIO_16.png
  Saved plot: plots/R3.0_L20_u0.03_v0.03/true_vs_estimates_SCENARIO_17.png
  Saved plot: plots/R3.0_L20_u0.03_v0.03/true_vs_estimates_SCENARIO_18.png
  Saved plot: plots/R3.0_L20_u0.03_v0.03/true_vs_estimates_SCENARIO_19.png
  Saved plot: plots/R3.0_L20_u0.03_v0.03/true_vs_estimates_SCENARIO_20.png
Group [1] PF created for drone states (Original MPF baseline)
Obstacle filters created for Original MPF
Original MPF coordinator created (baseline)
