================================================================================
GENERATING SIMULATION DATA FOR 20 SCENARIOS
================================================================================

SCENARIO_1 Scenario:
  Obstacle coverage: 17.5%
  Number of time steps: 1000

SCENARIO_2 Scenario:
  Obstacle coverage: 17.4%
  Number of time steps: 1000

SCENARIO_3 Scenario:
  Obstacle coverage: 13.3%
  Number of time steps: 1000

SCENARIO_4 Scenario:
  Obstacle coverage: 16.5%
  Number of time steps: 1000

SCENARIO_5 Scenario:
  Obstacle coverage: 14.5%
  Number of time steps: 1000

SCENARIO_6 Scenario:
  Obstacle coverage: 11.5%
  Number of time steps: 1000

SCENARIO_7 Scenario:
  Obstacle coverage: 14.8%
  Number of time steps: 1000

SCENARIO_8 Scenario:
  Obstacle coverage: 9.9%
  Number of time steps: 1000

SCENARIO_9 Scenario:
  Obstacle coverage: 11.9%
  Number of time steps: 1000

SCENARIO_10 Scenario:
  Obstacle coverage: 15.3%
  Number of time steps: 1000

SCENARIO_11 Scenario:
  Obstacle coverage: 14.7%
  Number of time steps: 1000

SCENARIO_12 Scenario:
  Obstacle coverage: 13.3%
  Number of time steps: 1000

SCENARIO_13 Scenario:
  Obstacle coverage: 16.3%
  Number of time steps: 1000

SCENARIO_14 Scenario:
  Obstacle coverage: 16.6%
  Number of time steps: 1000

SCENARIO_15 Scenario:
  Obstacle coverage: 15.9%
  Number of time steps: 1000

SCENARIO_16 Scenario:
  Obstacle coverage: 17.7%
  Number of time steps: 1000

SCENARIO_17 Scenario:
  Obstacle coverage: 18.3%
  Number of time steps: 1000

SCENARIO_18 Scenario:
  Obstacle coverage: 21.1%
  Number of time steps: 1000

SCENARIO_19 Scenario:
  Obstacle coverage: 21.5%
  Number of time steps: 1000

SCENARIO_20 Scenario:
  Obstacle coverage: 12.2%
  Number of time steps: 1000
  Saved plot: plots/R4.0_L20_u0.03_v0.01/SCENARIO_1.png
  Saved plot: plots/R4.0_L20_u0.03_v0.01/SCENARIO_2.png
  Saved plot: plots/R4.0_L20_u0.03_v0.01/SCENARIO_3.png
  Saved plot: plots/R4.0_L20_u0.03_v0.01/SCENARIO_4.png
  Saved plot: plots/R4.0_L20_u0.03_v0.01/SCENARIO_5.png
  Saved plot: plots/R4.0_L20_u0.03_v0.01/SCENARIO_6.png
  Saved plot: plots/R4.0_L20_u0.03_v0.01/SCENARIO_7.png
  Saved plot: plots/R4.0_L20_u0.03_v0.01/SCENARIO_8.png
  Saved plot: plots/R4.0_L20_u0.03_v0.01/SCENARIO_9.png
  Saved plot: plots/R4.0_L20_u0.03_v0.01/SCENARIO_10.png
  Saved plot: plots/R4.0_L20_u0.03_v0.01/SCENARIO_11.png
  Saved plot: plots/R4.0_L20_u0.03_v0.01/SCENARIO_12.png
  Saved plot: plots/R4.0_L20_u0.03_v0.01/SCENARIO_13.png
  Saved plot: plots/R4.0_L20_u0.03_v0.01/SCENARIO_14.png
  Saved plot: plots/R4.0_L20_u0.03_v0.01/SCENARIO_15.png
  Saved plot: plots/R4.0_L20_u0.03_v0.01/SCENARIO_16.png
  Saved plot: plots/R4.0_L20_u0.03_v0.01/SCENARIO_17.png
  Saved plot: plots/R4.0_L20_u0.03_v0.01/SCENARIO_18.png
  Saved plot: plots/R4.0_L20_u0.03_v0.01/SCENARIO_19.png
  Saved plot: plots/R4.0_L20_u0.03_v0.01/SCENARIO_20.png

================================================================================
Using SCENARIO_1 for filter setup (all scenarios run in main loop)
================================================================================

Number of time steps: 1000
State dimensions: (1000, 5)
Measurement dimensions: (1000, 2)
KDE ceiling: 63 samples
KDE floor: 112 samples
Helper classes defined
Group [1] EKF created for drone states (Rao-Blackwellized)

================================================================================
TESTING SCENARIO: SCENARIO_1
================================================================================
  SCENARIO_1/F2/Likelihood-Based: Overall RMSE = 0.0746 m
  SCENARIO_1/F2/Free Energy (Aggressive): Overall RMSE = 0.0757 m
  SCENARIO_1/F3/Likelihood-Based: Overall RMSE = 0.0761 m
  SCENARIO_1/F3/Free Energy (Aggressive): Overall RMSE = 0.0744 m
  SCENARIO_1/F4/Likelihood-Based: Overall RMSE = 0.0764 m
  SCENARIO_1/F4/Free Energy (Aggressive): Overall RMSE = 0.0753 m

================================================================================
TESTING SCENARIO: SCENARIO_2
================================================================================
  SCENARIO_2/F2/Likelihood-Based: Overall RMSE = 0.1191 m
  SCENARIO_2/F2/Free Energy (Aggressive): Overall RMSE = 0.1165 m
  SCENARIO_2/F3/Likelihood-Based: Overall RMSE = 0.1176 m
  SCENARIO_2/F3/Free Energy (Aggressive): Overall RMSE = 0.1174 m
  SCENARIO_2/F4/Likelihood-Based: Overall RMSE = 0.1208 m
  SCENARIO_2/F4/Free Energy (Aggressive): Overall RMSE = 0.1159 m

================================================================================
TESTING SCENARIO: SCENARIO_3
================================================================================
  SCENARIO_3/F2/Likelihood-Based: Overall RMSE = 0.0830 m
  SCENARIO_3/F2/Free Energy (Aggressive): Overall RMSE = 0.0812 m
  SCENARIO_3/F3/Likelihood-Based: Overall RMSE = 0.0834 m
  SCENARIO_3/F3/Free Energy (Aggressive): Overall RMSE = 0.0841 m
  SCENARIO_3/F4/Likelihood-Based: Overall RMSE = 0.0863 m
  SCENARIO_3/F4/Free Energy (Aggressive): Overall RMSE = 0.0796 m

================================================================================
TESTING SCENARIO: SCENARIO_4
================================================================================
  SCENARIO_4/F2/Likelihood-Based: Overall RMSE = 0.0141 m
  SCENARIO_4/F2/Free Energy (Aggressive): Overall RMSE = 0.0141 m
  SCENARIO_4/F3/Likelihood-Based: Overall RMSE = 0.0149 m
  SCENARIO_4/F3/Free Energy (Aggressive): Overall RMSE = 0.0144 m
  SCENARIO_4/F4/Likelihood-Based: Overall RMSE = 0.0153 m
  SCENARIO_4/F4/Free Energy (Aggressive): Overall RMSE = 0.0148 m

================================================================================
TESTING SCENARIO: SCENARIO_5
================================================================================
  SCENARIO_5/F2/Likelihood-Based: Overall RMSE = 0.2372 m
  SCENARIO_5/F2/Free Energy (Aggressive): Overall RMSE = 0.1658 m
  SCENARIO_5/F3/Likelihood-Based: Overall RMSE = 0.1913 m
  SCENARIO_5/F3/Free Energy (Aggressive): Overall RMSE = 0.1682 m
  SCENARIO_5/F4/Likelihood-Based: Overall RMSE = 0.1715 m
  SCENARIO_5/F4/Free Energy (Aggressive): Overall RMSE = 0.1679 m

================================================================================
TESTING SCENARIO: SCENARIO_6
================================================================================
  SCENARIO_6/F2/Likelihood-Based: Overall RMSE = 0.0457 m
  SCENARIO_6/F2/Free Energy (Aggressive): Overall RMSE = 0.0439 m
  SCENARIO_6/F3/Likelihood-Based: Overall RMSE = 0.0456 m
  SCENARIO_6/F3/Free Energy (Aggressive): Overall RMSE = 0.0422 m
  SCENARIO_6/F4/Likelihood-Based: Overall RMSE = 0.0354 m
  SCENARIO_6/F4/Free Energy (Aggressive): Overall RMSE = 0.0399 m

================================================================================
TESTING SCENARIO: SCENARIO_7
================================================================================
  SCENARIO_7/F2/Likelihood-Based: Overall RMSE = 0.0433 m
  SCENARIO_7/F2/Free Energy (Aggressive): Overall RMSE = 0.0431 m
  SCENARIO_7/F3/Likelihood-Based: Overall RMSE = 0.0448 m
  SCENARIO_7/F3/Free Energy (Aggressive): Overall RMSE = 0.0424 m
  SCENARIO_7/F4/Likelihood-Based: Overall RMSE = 0.0459 m
  SCENARIO_7/F4/Free Energy (Aggressive): Overall RMSE = 0.0355 m

================================================================================
TESTING SCENARIO: SCENARIO_8
================================================================================
  SCENARIO_8/F2/Likelihood-Based: Overall RMSE = 0.1210 m
  SCENARIO_8/F2/Free Energy (Aggressive): Overall RMSE = 0.1149 m
  SCENARIO_8/F3/Likelihood-Based: Overall RMSE = 0.1199 m
  SCENARIO_8/F3/Free Energy (Aggressive): Overall RMSE = 0.1180 m
  SCENARIO_8/F4/Likelihood-Based: Overall RMSE = 0.1159 m
  SCENARIO_8/F4/Free Energy (Aggressive): Overall RMSE = 0.1156 m

================================================================================
TESTING SCENARIO: SCENARIO_9
================================================================================
  SCENARIO_9/F2/Likelihood-Based: Overall RMSE = 0.0504 m
  SCENARIO_9/F2/Free Energy (Aggressive): Overall RMSE = 0.0491 m
  SCENARIO_9/F3/Likelihood-Based: Overall RMSE = 0.0495 m
  SCENARIO_9/F3/Free Energy (Aggressive): Overall RMSE = 0.0495 m
  SCENARIO_9/F4/Likelihood-Based: Overall RMSE = 0.0424 m
  SCENARIO_9/F4/Free Energy (Aggressive): Overall RMSE = 0.0513 m

================================================================================
TESTING SCENARIO: SCENARIO_10
================================================================================
  SCENARIO_10/F2/Likelihood-Based: Overall RMSE = 0.0912 m
  SCENARIO_10/F2/Free Energy (Aggressive): Overall RMSE = 0.0909 m
  SCENARIO_10/F3/Likelihood-Based: Overall RMSE = 0.0899 m
  SCENARIO_10/F3/Free Energy (Aggressive): Overall RMSE = 0.0896 m
  SCENARIO_10/F4/Likelihood-Based: Overall RMSE = 0.0929 m
  SCENARIO_10/F4/Free Energy (Aggressive): Overall RMSE = 0.0883 m

================================================================================
TESTING SCENARIO: SCENARIO_11
================================================================================
  SCENARIO_11/F2/Likelihood-Based: Overall RMSE = 0.0701 m
  SCENARIO_11/F2/Free Energy (Aggressive): Overall RMSE = 0.0688 m
  SCENARIO_11/F3/Likelihood-Based: Overall RMSE = 0.0711 m
  SCENARIO_11/F3/Free Energy (Aggressive): Overall RMSE = 0.0716 m
  SCENARIO_11/F4/Likelihood-Based: Overall RMSE = 0.0714 m
  SCENARIO_11/F4/Free Energy (Aggressive): Overall RMSE = 0.0725 m

================================================================================
TESTING SCENARIO: SCENARIO_12
================================================================================
  SCENARIO_12/F2/Likelihood-Based: Overall RMSE = 0.0175 m
  SCENARIO_12/F2/Free Energy (Aggressive): Overall RMSE = 0.0184 m
  SCENARIO_12/F3/Likelihood-Based: Overall RMSE = 0.0132 m
  SCENARIO_12/F3/Free Energy (Aggressive): Overall RMSE = 0.0155 m
  SCENARIO_12/F4/Likelihood-Based: Overall RMSE = 0.0207 m
  SCENARIO_12/F4/Free Energy (Aggressive): Overall RMSE = 0.0155 m

================================================================================
TESTING SCENARIO: SCENARIO_13
================================================================================
  SCENARIO_13/F2/Likelihood-Based: Overall RMSE = 0.1604 m
  SCENARIO_13/F2/Free Energy (Aggressive): Overall RMSE = 0.1575 m
  SCENARIO_13/F3/Likelihood-Based: Overall RMSE = 0.1631 m
  SCENARIO_13/F3/Free Energy (Aggressive): Overall RMSE = 0.1572 m
  SCENARIO_13/F4/Likelihood-Based: Overall RMSE = 0.1596 m
  SCENARIO_13/F4/Free Energy (Aggressive): Overall RMSE = 0.1588 m

================================================================================
TESTING SCENARIO: SCENARIO_14
================================================================================
  SCENARIO_14/F2/Likelihood-Based: Overall RMSE = 0.0588 m
  SCENARIO_14/F2/Free Energy (Aggressive): Overall RMSE = 0.0610 m
  SCENARIO_14/F3/Likelihood-Based: Overall RMSE = 0.0623 m
  SCENARIO_14/F3/Free Energy (Aggressive): Overall RMSE = 0.0621 m
  SCENARIO_14/F4/Likelihood-Based: Overall RMSE = 0.0625 m
  SCENARIO_14/F4/Free Energy (Aggressive): Overall RMSE = 0.0605 m

================================================================================
TESTING SCENARIO: SCENARIO_15
================================================================================
  SCENARIO_15/F2/Likelihood-Based: Overall RMSE = 0.2819 m
  SCENARIO_15/F2/Free Energy (Aggressive): Overall RMSE = 0.2859 m
  SCENARIO_15/F3/Likelihood-Based: Overall RMSE = 0.3006 m
  SCENARIO_15/F3/Free Energy (Aggressive): Overall RMSE = 0.2858 m
  SCENARIO_15/F4/Likelihood-Based: Overall RMSE = 0.3120 m
  SCENARIO_15/F4/Free Energy (Aggressive): Overall RMSE = 0.2913 m

================================================================================
TESTING SCENARIO: SCENARIO_16
================================================================================
  SCENARIO_16/F2/Likelihood-Based: Overall RMSE = 0.0802 m
  SCENARIO_16/F2/Free Energy (Aggressive): Overall RMSE = 0.0756 m
  SCENARIO_16/F3/Likelihood-Based: Overall RMSE = 0.0752 m
  SCENARIO_16/F3/Free Energy (Aggressive): Overall RMSE = 0.0776 m
  SCENARIO_16/F4/Likelihood-Based: Overall RMSE = 0.0810 m
  SCENARIO_16/F4/Free Energy (Aggressive): Overall RMSE = 0.0788 m

================================================================================
TESTING SCENARIO: SCENARIO_17
================================================================================
  SCENARIO_17/F2/Likelihood-Based: Overall RMSE = 0.0174 m
  SCENARIO_17/F2/Free Energy (Aggressive): Overall RMSE = 0.0161 m
  SCENARIO_17/F3/Likelihood-Based: Overall RMSE = 0.0184 m
  SCENARIO_17/F3/Free Energy (Aggressive): Overall RMSE = 0.0163 m
  SCENARIO_17/F4/Likelihood-Based: Overall RMSE = 0.0235 m
  SCENARIO_17/F4/Free Energy (Aggressive): Overall RMSE = 0.0159 m

================================================================================
TESTING SCENARIO: SCENARIO_18
================================================================================
  SCENARIO_18/F2/Likelihood-Based: Overall RMSE = 0.0616 m
  SCENARIO_18/F2/Free Energy (Aggressive): Overall RMSE = 0.0571 m
  SCENARIO_18/F3/Likelihood-Based: Overall RMSE = 0.0611 m
  SCENARIO_18/F3/Free Energy (Aggressive): Overall RMSE = 0.0640 m
  SCENARIO_18/F4/Likelihood-Based: Overall RMSE = 0.0670 m
  SCENARIO_18/F4/Free Energy (Aggressive): Overall RMSE = 0.0609 m

================================================================================
TESTING SCENARIO: SCENARIO_19
================================================================================
  SCENARIO_19/F2/Likelihood-Based: Overall RMSE = 0.0695 m
  SCENARIO_19/F2/Free Energy (Aggressive): Overall RMSE = 0.0652 m
  SCENARIO_19/F3/Likelihood-Based: Overall RMSE = 0.0653 m
  SCENARIO_19/F3/Free Energy (Aggressive): Overall RMSE = 0.0609 m
  SCENARIO_19/F4/Likelihood-Based: Overall RMSE = 0.0705 m
  SCENARIO_19/F4/Free Energy (Aggressive): Overall RMSE = 0.0672 m

================================================================================
TESTING SCENARIO: SCENARIO_20
================================================================================
  SCENARIO_20/F2/Likelihood-Based: Overall RMSE = 0.1296 m
  SCENARIO_20/F2/Free Energy (Aggressive): Overall RMSE = 0.1231 m
  SCENARIO_20/F3/Likelihood-Based: Overall RMSE = 0.1280 m
  SCENARIO_20/F3/Free Energy (Aggressive): Overall RMSE = 0.1232 m
  SCENARIO_20/F4/Likelihood-Based: Overall RMSE = 0.1270 m
  SCENARIO_20/F4/Free Energy (Aggressive): Overall RMSE = 0.1253 m

================================================================================
COMPREHENSIVE COMPARISON ACROSS ALL SCENARIOS
================================================================================

********************************************************************************
SCENARIO: SCENARIO_1
********************************************************************************

F2:
  Likelihood-Based              : Overall=0.0746m  Drone=0.0919m  Ceil=0.0123m  Floor=0.0900m
  Free Energy (Aggressive)      : Overall=0.0757m  Drone=0.0936m  Ceil=0.0101m  Floor=0.0914m
  → Improvement: -1.55%

F3:
  Likelihood-Based              : Overall=0.0761m  Drone=0.0935m  Ceil=0.0130m  Floor=0.0921m
  Free Energy (Aggressive)      : Overall=0.0744m  Drone=0.0921m  Ceil=0.0115m  Floor=0.0893m
  → Improvement: +2.30%

F4:
  Likelihood-Based              : Overall=0.0764m  Drone=0.0920m  Ceil=0.0278m  Floor=0.0911m
  Free Energy (Aggressive)      : Overall=0.0753m  Drone=0.0929m  Ceil=0.0107m  Floor=0.0908m
  → Improvement: +1.55%

********************************************************************************
SCENARIO: SCENARIO_2
********************************************************************************

F2:
  Likelihood-Based              : Overall=0.1191m  Drone=0.1443m  Ceil=0.1443m  Floor=0.0307m
  Free Energy (Aggressive)      : Overall=0.1165m  Drone=0.1416m  Ceil=0.1404m  Floor=0.0303m
  → Improvement: +2.25%

F3:
  Likelihood-Based              : Overall=0.1176m  Drone=0.1424m  Ceil=0.1425m  Floor=0.0300m
  Free Energy (Aggressive)      : Overall=0.1174m  Drone=0.1426m  Ceil=0.1418m  Floor=0.0305m
  → Improvement: +0.13%

F4:
  Likelihood-Based              : Overall=0.1208m  Drone=0.1432m  Ceil=0.1494m  Floor=0.0307m
  Free Energy (Aggressive)      : Overall=0.1159m  Drone=0.1400m  Ceil=0.1408m  Floor=0.0293m
  → Improvement: +4.07%

********************************************************************************
SCENARIO: SCENARIO_3
********************************************************************************

F2:
  Likelihood-Based              : Overall=0.0830m  Drone=0.1007m  Ceil=0.0216m  Floor=0.1004m
  Free Energy (Aggressive)      : Overall=0.0812m  Drone=0.0993m  Ceil=0.0221m  Floor=0.0971m
  → Improvement: +2.18%

F3:
  Likelihood-Based              : Overall=0.0834m  Drone=0.1011m  Ceil=0.0217m  Floor=0.1010m
  Free Energy (Aggressive)      : Overall=0.0841m  Drone=0.1028m  Ceil=0.0229m  Floor=0.1005m
  → Improvement: -0.77%

F4:
  Likelihood-Based              : Overall=0.0863m  Drone=0.1014m  Ceil=0.0408m  Floor=0.1020m
  Free Energy (Aggressive)      : Overall=0.0796m  Drone=0.0970m  Ceil=0.0226m  Floor=0.0954m
  → Improvement: +7.79%

********************************************************************************
SCENARIO: SCENARIO_4
********************************************************************************

F2:
  Likelihood-Based              : Overall=0.0141m  Drone=0.0201m  Ceil=0.0109m  Floor=0.0083m
  Free Energy (Aggressive)      : Overall=0.0141m  Drone=0.0207m  Ceil=0.0113m  Floor=0.0065m
  → Improvement: -0.44%

F3:
  Likelihood-Based              : Overall=0.0149m  Drone=0.0202m  Ceil=0.0141m  Floor=0.0079m
  Free Energy (Aggressive)      : Overall=0.0144m  Drone=0.0206m  Ceil=0.0101m  Floor=0.0099m
  → Improvement: +3.19%

F4:
  Likelihood-Based              : Overall=0.0153m  Drone=0.0205m  Ceil=0.0134m  Floor=0.0103m
  Free Energy (Aggressive)      : Overall=0.0148m  Drone=0.0219m  Ceil=0.0122m  Floor=0.0055m
  → Improvement: +3.37%

********************************************************************************
SCENARIO: SCENARIO_5
********************************************************************************

F2:
  Likelihood-Based              : Overall=0.2372m  Drone=0.2058m  Ceil=0.2058m  Floor=0.2900m
  Free Energy (Aggressive)      : Overall=0.1658m  Drone=0.2030m  Ceil=0.2027m  Floor=0.0156m
  → Improvement: +30.09%

F3:
  Likelihood-Based              : Overall=0.1913m  Drone=0.2058m  Ceil=0.2059m  Floor=0.1582m
  Free Energy (Aggressive)      : Overall=0.1682m  Drone=0.2059m  Ceil=0.2055m  Floor=0.0163m
  → Improvement: +12.07%

F4:
  Likelihood-Based              : Overall=0.1715m  Drone=0.2049m  Ceil=0.2033m  Floor=0.0699m
  Free Energy (Aggressive)      : Overall=0.1679m  Drone=0.2050m  Ceil=0.2056m  Floor=0.0161m
  → Improvement: +2.11%

********************************************************************************
SCENARIO: SCENARIO_6
********************************************************************************

F2:
  Likelihood-Based              : Overall=0.0457m  Drone=0.0561m  Ceil=0.0533m  Floor=0.0164m
  Free Energy (Aggressive)      : Overall=0.0439m  Drone=0.0578m  Ceil=0.0463m  Floor=0.0168m
  → Improvement: +4.01%

F3:
  Likelihood-Based              : Overall=0.0456m  Drone=0.0552m  Ceil=0.0542m  Floor=0.0162m
  Free Energy (Aggressive)      : Overall=0.0422m  Drone=0.0553m  Ceil=0.0451m  Floor=0.0162m
  → Improvement: +7.43%

F4:
  Likelihood-Based              : Overall=0.0354m  Drone=0.0524m  Ceil=0.0279m  Floor=0.0153m
  Free Energy (Aggressive)      : Overall=0.0399m  Drone=0.0548m  Ceil=0.0389m  Floor=0.0158m
  → Improvement: -12.66%

********************************************************************************
SCENARIO: SCENARIO_7
********************************************************************************

F2:
  Likelihood-Based              : Overall=0.0433m  Drone=0.0536m  Ceil=0.0512m  Floor=0.0112m
  Free Energy (Aggressive)      : Overall=0.0431m  Drone=0.0585m  Ceil=0.0448m  Floor=0.0118m
  → Improvement: +0.41%

F3:
  Likelihood-Based              : Overall=0.0448m  Drone=0.0547m  Ceil=0.0539m  Floor=0.0113m
  Free Energy (Aggressive)      : Overall=0.0424m  Drone=0.0561m  Ceil=0.0460m  Floor=0.0116m
  → Improvement: +5.30%

F4:
  Likelihood-Based              : Overall=0.0459m  Drone=0.0584m  Ceil=0.0518m  Floor=0.0147m
  Free Energy (Aggressive)      : Overall=0.0355m  Drone=0.0531m  Ceil=0.0292m  Floor=0.0109m
  → Improvement: +22.54%

********************************************************************************
SCENARIO: SCENARIO_8
********************************************************************************

F2:
  Likelihood-Based              : Overall=0.1210m  Drone=0.1438m  Ceil=0.0514m  Floor=0.1435m
  Free Energy (Aggressive)      : Overall=0.1149m  Drone=0.1370m  Ceil=0.0491m  Floor=0.1357m
  → Improvement: +5.07%

F3:
  Likelihood-Based              : Overall=0.1199m  Drone=0.1424m  Ceil=0.0511m  Floor=0.1421m
  Free Energy (Aggressive)      : Overall=0.1180m  Drone=0.1406m  Ceil=0.0504m  Floor=0.1395m
  → Improvement: +1.57%

F4:
  Likelihood-Based              : Overall=0.1159m  Drone=0.1373m  Ceil=0.0511m  Floor=0.1372m
  Free Energy (Aggressive)      : Overall=0.1156m  Drone=0.1377m  Ceil=0.0480m  Floor=0.1372m
  → Improvement: +0.29%

********************************************************************************
SCENARIO: SCENARIO_9
********************************************************************************

F2:
  Likelihood-Based              : Overall=0.0504m  Drone=0.0620m  Ceil=0.0615m  Floor=0.0037m
  Free Energy (Aggressive)      : Overall=0.0491m  Drone=0.0606m  Ceil=0.0595m  Floor=0.0044m
  → Improvement: +2.72%

F3:
  Likelihood-Based              : Overall=0.0495m  Drone=0.0608m  Ceil=0.0604m  Floor=0.0038m
  Free Energy (Aggressive)      : Overall=0.0495m  Drone=0.0610m  Ceil=0.0602m  Floor=0.0043m
  → Improvement: -0.06%

F4:
  Likelihood-Based              : Overall=0.0424m  Drone=0.0595m  Ceil=0.0426m  Floor=0.0052m
  Free Energy (Aggressive)      : Overall=0.0513m  Drone=0.0625m  Ceil=0.0631m  Floor=0.0043m
  → Improvement: -21.20%

********************************************************************************
SCENARIO: SCENARIO_10
********************************************************************************

F2:
  Likelihood-Based              : Overall=0.0912m  Drone=0.1119m  Ceil=0.1115m  Floor=0.0040m
  Free Energy (Aggressive)      : Overall=0.0909m  Drone=0.1122m  Ceil=0.1105m  Floor=0.0041m
  → Improvement: +0.32%

F3:
  Likelihood-Based              : Overall=0.0899m  Drone=0.1101m  Ceil=0.1100m  Floor=0.0038m
  Free Energy (Aggressive)      : Overall=0.0896m  Drone=0.1104m  Ceil=0.1089m  Floor=0.0038m
  → Improvement: +0.35%

F4:
  Likelihood-Based              : Overall=0.0929m  Drone=0.1092m  Ceil=0.1177m  Floor=0.0091m
  Free Energy (Aggressive)      : Overall=0.0883m  Drone=0.1086m  Ceil=0.1077m  Floor=0.0037m
  → Improvement: +4.88%

********************************************************************************
SCENARIO: SCENARIO_11
********************************************************************************

F2:
  Likelihood-Based              : Overall=0.0701m  Drone=0.0841m  Ceil=0.0834m  Floor=0.0271m
  Free Energy (Aggressive)      : Overall=0.0688m  Drone=0.0835m  Ceil=0.0807m  Floor=0.0269m
  → Improvement: +1.94%

F3:
  Likelihood-Based              : Overall=0.0711m  Drone=0.0849m  Ceil=0.0848m  Floor=0.0273m
  Free Energy (Aggressive)      : Overall=0.0716m  Drone=0.0866m  Ceil=0.0843m  Floor=0.0278m
  → Improvement: -0.79%

F4:
  Likelihood-Based              : Overall=0.0714m  Drone=0.0845m  Ceil=0.0854m  Floor=0.0295m
  Free Energy (Aggressive)      : Overall=0.0725m  Drone=0.0860m  Ceil=0.0873m  Floor=0.0274m
  → Improvement: -1.52%

********************************************************************************
SCENARIO: SCENARIO_12
********************************************************************************

F2:
  Likelihood-Based              : Overall=0.0175m  Drone=0.0255m  Ceil=0.0053m  Floor=0.0153m
  Free Energy (Aggressive)      : Overall=0.0184m  Drone=0.0272m  Ceil=0.0064m  Floor=0.0153m
  → Improvement: -5.50%

F3:
  Likelihood-Based              : Overall=0.0132m  Drone=0.0189m  Ceil=0.0051m  Floor=0.0117m
  Free Energy (Aggressive)      : Overall=0.0155m  Drone=0.0229m  Ceil=0.0051m  Floor=0.0129m
  → Improvement: -17.32%

F4:
  Likelihood-Based              : Overall=0.0207m  Drone=0.0201m  Ceil=0.0269m  Floor=0.0128m
  Free Energy (Aggressive)      : Overall=0.0155m  Drone=0.0225m  Ceil=0.0073m  Floor=0.0127m
  → Improvement: +25.29%

********************************************************************************
SCENARIO: SCENARIO_13
********************************************************************************

F2:
  Likelihood-Based              : Overall=0.1604m  Drone=0.1926m  Ceil=0.0532m  Floor=0.1929m
  Free Energy (Aggressive)      : Overall=0.1575m  Drone=0.1893m  Ceil=0.0529m  Floor=0.1891m
  → Improvement: +1.79%

F3:
  Likelihood-Based              : Overall=0.1631m  Drone=0.1958m  Ceil=0.0542m  Floor=0.1962m
  Free Energy (Aggressive)      : Overall=0.1572m  Drone=0.1890m  Ceil=0.0528m  Floor=0.1889m
  → Improvement: +3.57%

F4:
  Likelihood-Based              : Overall=0.1596m  Drone=0.1905m  Ceil=0.0581m  Floor=0.1917m
  Free Energy (Aggressive)      : Overall=0.1588m  Drone=0.1907m  Ceil=0.0525m  Floor=0.1911m
  → Improvement: +0.50%

********************************************************************************
SCENARIO: SCENARIO_14
********************************************************************************

F2:
  Likelihood-Based              : Overall=0.0588m  Drone=0.0715m  Ceil=0.0133m  Floor=0.0712m
  Free Energy (Aggressive)      : Overall=0.0610m  Drone=0.0755m  Ceil=0.0139m  Floor=0.0726m
  → Improvement: -3.76%

F3:
  Likelihood-Based              : Overall=0.0623m  Drone=0.0756m  Ceil=0.0136m  Floor=0.0757m
  Free Energy (Aggressive)      : Overall=0.0621m  Drone=0.0765m  Ceil=0.0142m  Floor=0.0741m
  → Improvement: +0.35%

F4:
  Likelihood-Based              : Overall=0.0625m  Drone=0.0735m  Ceil=0.0273m  Floor=0.0745m
  Free Energy (Aggressive)      : Overall=0.0605m  Drone=0.0744m  Ceil=0.0142m  Floor=0.0726m
  → Improvement: +3.05%

********************************************************************************
SCENARIO: SCENARIO_15
********************************************************************************

F2:
  Likelihood-Based              : Overall=0.2819m  Drone=0.3404m  Ceil=0.0833m  Floor=0.3399m
  Free Energy (Aggressive)      : Overall=0.2859m  Drone=0.3453m  Ceil=0.0847m  Floor=0.3447m
  → Improvement: -1.43%

F3:
  Likelihood-Based              : Overall=0.3006m  Drone=0.3484m  Ceil=0.1692m  Floor=0.3479m
  Free Energy (Aggressive)      : Overall=0.2858m  Drone=0.3453m  Ceil=0.0848m  Floor=0.3444m
  → Improvement: +4.91%

F4:
  Likelihood-Based              : Overall=0.3120m  Drone=0.3461m  Ceil=0.2326m  Floor=0.3438m
  Free Energy (Aggressive)      : Overall=0.2913m  Drone=0.3529m  Ceil=0.0860m  Floor=0.3502m
  → Improvement: +6.63%

********************************************************************************
SCENARIO: SCENARIO_16
********************************************************************************

F2:
  Likelihood-Based              : Overall=0.0802m  Drone=0.0985m  Ceil=0.0139m  Floor=0.0969m
  Free Energy (Aggressive)      : Overall=0.0756m  Drone=0.0937m  Ceil=0.0139m  Floor=0.0905m
  → Improvement: +5.71%

F3:
  Likelihood-Based              : Overall=0.0752m  Drone=0.0923m  Ceil=0.0121m  Floor=0.0912m
  Free Energy (Aggressive)      : Overall=0.0776m  Drone=0.0957m  Ceil=0.0148m  Floor=0.0933m
  → Improvement: -3.18%

F4:
  Likelihood-Based              : Overall=0.0810m  Drone=0.0983m  Ceil=0.0212m  Floor=0.0977m
  Free Energy (Aggressive)      : Overall=0.0788m  Drone=0.0971m  Ceil=0.0164m  Floor=0.0945m
  → Improvement: +2.65%

********************************************************************************
SCENARIO: SCENARIO_17
********************************************************************************

F2:
  Likelihood-Based              : Overall=0.0174m  Drone=0.0222m  Ceil=0.0122m  Floor=0.0163m
  Free Energy (Aggressive)      : Overall=0.0161m  Drone=0.0229m  Ceil=0.0136m  Floor=0.0081m
  → Improvement: +7.61%

F3:
  Likelihood-Based              : Overall=0.0184m  Drone=0.0235m  Ceil=0.0163m  Floor=0.0141m
  Free Energy (Aggressive)      : Overall=0.0163m  Drone=0.0232m  Ceil=0.0138m  Floor=0.0080m
  → Improvement: +11.74%

F4:
  Likelihood-Based              : Overall=0.0235m  Drone=0.0231m  Ceil=0.0312m  Floor=0.0122m
  Free Energy (Aggressive)      : Overall=0.0159m  Drone=0.0224m  Ceil=0.0134m  Floor=0.0091m
  → Improvement: +32.20%

********************************************************************************
SCENARIO: SCENARIO_18
********************************************************************************

F2:
  Likelihood-Based              : Overall=0.0616m  Drone=0.0746m  Ceil=0.0740m  Floor=0.0190m
  Free Energy (Aggressive)      : Overall=0.0571m  Drone=0.0707m  Ceil=0.0669m  Floor=0.0178m
  → Improvement: +7.34%

F3:
  Likelihood-Based              : Overall=0.0611m  Drone=0.0741m  Ceil=0.0732m  Floor=0.0188m
  Free Energy (Aggressive)      : Overall=0.0640m  Drone=0.0788m  Ceil=0.0753m  Floor=0.0207m
  → Improvement: -4.76%

F4:
  Likelihood-Based              : Overall=0.0670m  Drone=0.0795m  Ceil=0.0817m  Floor=0.0216m
  Free Energy (Aggressive)      : Overall=0.0609m  Drone=0.0732m  Ceil=0.0736m  Floor=0.0189m
  → Improvement: +9.04%

********************************************************************************
SCENARIO: SCENARIO_19
********************************************************************************

F2:
  Likelihood-Based              : Overall=0.0695m  Drone=0.0834m  Ceil=0.0829m  Floor=0.0259m
  Free Energy (Aggressive)      : Overall=0.0652m  Drone=0.0797m  Ceil=0.0759m  Floor=0.0253m
  → Improvement: +6.22%

F3:
  Likelihood-Based              : Overall=0.0653m  Drone=0.0783m  Ceil=0.0780m  Floor=0.0244m
  Free Energy (Aggressive)      : Overall=0.0609m  Drone=0.0744m  Ceil=0.0708m  Floor=0.0241m
  → Improvement: +6.83%

F4:
  Likelihood-Based              : Overall=0.0705m  Drone=0.0787m  Ceil=0.0898m  Floor=0.0255m
  Free Energy (Aggressive)      : Overall=0.0672m  Drone=0.0831m  Ceil=0.0773m  Floor=0.0261m
  → Improvement: +4.66%

********************************************************************************
SCENARIO: SCENARIO_20
********************************************************************************

F2:
  Likelihood-Based              : Overall=0.1296m  Drone=0.1578m  Ceil=0.0264m  Floor=0.1574m
  Free Energy (Aggressive)      : Overall=0.1231m  Drone=0.1504m  Ceil=0.0246m  Floor=0.1491m
  → Improvement: +5.02%

F3:
  Likelihood-Based              : Overall=0.1280m  Drone=0.1558m  Ceil=0.0260m  Floor=0.1554m
  Free Energy (Aggressive)      : Overall=0.1232m  Drone=0.1505m  Ceil=0.0247m  Floor=0.1492m
  → Improvement: +3.73%

F4:
  Likelihood-Based              : Overall=0.1270m  Drone=0.1537m  Ceil=0.0355m  Floor=0.1533m
  Free Energy (Aggressive)      : Overall=0.1253m  Drone=0.1527m  Ceil=0.0249m  Floor=0.1522m
  → Improvement: +1.34%

================================================================================
SUMMARY: Average Improvement by Scenario
================================================================================
Scenario        Avg Improvement      Best Config    
--------------------------------------------------------------------------------
SCENARIO_1      +0.77%              F3             
SCENARIO_2      +2.15%              F4             
SCENARIO_3      +3.06%              F4             
SCENARIO_4      +2.04%              F4             
SCENARIO_5      +14.76%              F2             
SCENARIO_6      -0.41%              F3             
SCENARIO_7      +9.42%              F4             
SCENARIO_8      +2.31%              F2             
SCENARIO_9      -6.18%              F2             
SCENARIO_10     +1.85%              F4             
SCENARIO_11     -0.12%              F2             
SCENARIO_12     +0.82%              F4             
SCENARIO_13     +1.96%              F3             
SCENARIO_14     -0.12%              F4             
SCENARIO_15     +3.37%              F4             
SCENARIO_16     +1.73%              F2             
SCENARIO_17     +17.18%              F4             
SCENARIO_18     +3.87%              F4             
SCENARIO_19     +5.90%              F3             
SCENARIO_20     +3.36%              F2             
================================================================================
  Saved plot: plots/R4.0_L20_u0.03_v0.01/true_vs_estimates_SCENARIO_1.png
  Saved plot: plots/R4.0_L20_u0.03_v0.01/true_vs_estimates_SCENARIO_2.png
  Saved plot: plots/R4.0_L20_u0.03_v0.01/true_vs_estimates_SCENARIO_3.png
  Saved plot: plots/R4.0_L20_u0.03_v0.01/true_vs_estimates_SCENARIO_4.png
  Saved plot: plots/R4.0_L20_u0.03_v0.01/true_vs_estimates_SCENARIO_5.png
  Saved plot: plots/R4.0_L20_u0.03_v0.01/true_vs_estimates_SCENARIO_6.png
  Saved plot: plots/R4.0_L20_u0.03_v0.01/true_vs_estimates_SCENARIO_7.png
  Saved plot: plots/R4.0_L20_u0.03_v0.01/true_vs_estimates_SCENARIO_8.png
  Saved plot: plots/R4.0_L20_u0.03_v0.01/true_vs_estimates_SCENARIO_9.png
  Saved plot: plots/R4.0_L20_u0.03_v0.01/true_vs_estimates_SCENARIO_10.png
  Saved plot: plots/R4.0_L20_u0.03_v0.01/true_vs_estimates_SCENARIO_11.png
  Saved plot: plots/R4.0_L20_u0.03_v0.01/true_vs_estimates_SCENARIO_12.png
  Saved plot: plots/R4.0_L20_u0.03_v0.01/true_vs_estimates_SCENARIO_13.png
  Saved plot: plots/R4.0_L20_u0.03_v0.01/true_vs_estimates_SCENARIO_14.png
  Saved plot: plots/R4.0_L20_u0.03_v0.01/true_vs_estimates_SCENARIO_15.png
  Saved plot: plots/R4.0_L20_u0.03_v0.01/true_vs_estimates_SCENARIO_16.png
  Saved plot: plots/R4.0_L20_u0.03_v0.01/true_vs_estimates_SCENARIO_17.png
  Saved plot: plots/R4.0_L20_u0.03_v0.01/true_vs_estimates_SCENARIO_18.png
  Saved plot: plots/R4.0_L20_u0.03_v0.01/true_vs_estimates_SCENARIO_19.png
  Saved plot: plots/R4.0_L20_u0.03_v0.01/true_vs_estimates_SCENARIO_20.png
Group [1] PF created for drone states (Original MPF baseline)
Obstacle filters created for Original MPF
Original MPF coordinator created (baseline)
